20:59:00.716 [main                     ] DEBUG Logger               - Configured Logger
20:59:00.733 [main                     ] DEBUG GameApplication      - Logging settings
Title: PongGame
Version: 1.0
Width: 800
Height: 800
Fullscreen: false
Intro: false
Profiling: false
Single step:false
App Mode: DEVELOPER
Menu Key: ESCAPE
Stage Style: DECORATED
Scene Factory: class com.almasb.fxgl.app.scene.SceneFactory

20:59:01.180 [JavaFX Application Thread] DEBUG FXGLApplication      - Initializing FXGL
20:59:01.184 [JavaFX Application Thread] INFO  Engine               - FXGL-17.1 (24.03.2022 17.34) on WINDOWS (J:19.0.2 FX:18)
20:59:01.184 [JavaFX Application Thread] DEBUG Engine               - JRE Vendor Name: Oracle Corporation
20:59:01.184 [JavaFX Application Thread] DEBUG Engine               - Running on OS: Windows 11 version 10.0
20:59:01.184 [JavaFX Application Thread] DEBUG Engine               - Architecture: amd64
20:59:01.184 [JavaFX Application Thread] INFO  Engine               - Source code and latest versions at: https://github.com/AlmasB/FXGL
20:59:01.184 [JavaFX Application Thread] INFO  Engine               -       Ask questions and discuss at: https://github.com/AlmasB/FXGL/discussions
20:59:01.184 [JavaFX Application Thread] INFO  Engine               -              Join the FXGL chat at: https://gitter.im/AlmasB/FXGL
20:59:01.267 [JavaFX Application Thread] DEBUG PrimaryStageWindow   - Creating a JavaFX scene
20:59:01.305 [JavaFX Application Thread] DEBUG PrimaryStageWindow   - Target settings size: 800.0 x 800.0
20:59:01.306 [JavaFX Application Thread] DEBUG PrimaryStageWindow   - Scaled scene size:    800.0 x 800.0
20:59:01.306 [JavaFX Application Thread] DEBUG PrimaryStageWindow   - Scaled ratio: (1.0, 1.0)
20:59:01.307 [JavaFX Application Thread] DEBUG PrimaryStageWindow   - Set initial scene to FXGLStartupScene
20:59:01.312 [JavaFX Application Thread] DEBUG PrimaryStageWindow   - Opening main window
20:59:01.372 [JavaFX Application Thread] DEBUG PrimaryStageWindow   - Window border size: (14.4000244140625, 37.5999755859375)
20:59:01.372 [JavaFX Application Thread] DEBUG PrimaryStageWindow   - Scaled size: 800.0 x 800.0
20:59:01.372 [JavaFX Application Thread] DEBUG PrimaryStageWindow   - Scaled ratio: (1.0, 1.0)
20:59:01.372 [JavaFX Application Thread] DEBUG PrimaryStageWindow   - Scene size: 800.0 x 800.0
20:59:01.372 [JavaFX Application Thread] DEBUG PrimaryStageWindow   - Stage size: 814.4000244140625 x 837.5999755859375
20:59:01.380 [FXGL Background Thread 1 ] DEBUG Engine               - Initializing environment variables
20:59:01.421 [FXGL Background Thread 1 ] DEBUG FXGLAssetLoaderServi - User app class for loading assets: class pong.PongGame
20:59:01.421 [FXGL Background Thread 1 ] DEBUG GameApplicationServi - Applying CSS: fxgl_dark.css
20:59:01.422 [FXGL Background Thread 1 ] DEBUG FXGLAssetLoaderServi - Loading from file system: jar:file:/C:/Users/SSher/.m2/repository/com/github/almasb/fxgl/17.1/fxgl-17.1.jar!/fxglassets/ui/css/fxgl_dark.css
20:59:01.451 [FXGL Background Thread 1 ] DEBUG GameApplicationServi - Initializing application scenes
20:59:01.485 [FXGL Background Thread 1 ] DEBUG GameWorld            - Game world initialized
20:59:01.543 [FXGL Background Thread 1 ] DEBUG PhysicsWorld         - Physics world initialized: appHeight=800, physics.ppm=50.0
20:59:01.544 [FXGL Background Thread 1 ] DEBUG PhysicsWorld         - Using strategy: BRUTE_FORCE
20:59:01.546 [FXGL Background Thread 1 ] DEBUG GameScene            - Game scene initialized: 800x800
20:59:01.561 [FXGL Background Thread 1 ] DEBUG FXGL.DefaultMenu     - createMenuBodyGameMenu()
20:59:01.578 [FXGL Background Thread 1 ] DEBUG FXGL.DefaultMenu     - createOptionsMenu()
20:59:01.590 [FXGL Background Thread 1 ] DEBUG FXGLAssetLoaderServi - Loading from file system: jar:file:/C:/Users/SSher/.m2/repository/com/github/almasb/fxgl/17.1/fxgl-17.1.jar!/fxglassets/textures/particles/smoke.png
20:59:01.680 [FXGL Background Thread 1 ] DEBUG FXGLAssetLoaderServi - Loading from file system: jar:file:/C:/Users/SSher/.m2/repository/com/github/almasb/fxgl/17.1/fxgl-17.1.jar!/fxglassets/textures/particles/trace_horizontal.png
20:59:01.699 [FXGL Background Thread 1 ] DEBUG GameApplicationServi - Application scenes initialized
20:59:01.710 [FXGL Background Thread 1 ] DEBUG SystemBundleService  - Loading FXGL system data
20:59:01.714 [FXGL Background Thread 1 ] DEBUG FileSystemAccess     - Reading from: C:\Users\SSher\IdeaProjects\PongGame\system\fxgl.bundle
20:59:01.720 [FXGL Background Thread 1 ] DEBUG SystemBundleService  - Bundle FXGL: {}
20:59:01.720 [FXGL Background Thread 1 ] DEBUG UpdaterService       - Checking for updates
20:59:01.723 [FXGL Background Thread 4 ] DEBUG FXGLApplication      - Loading fonts
20:59:01.723 [FXGL Background Thread 4 ] DEBUG FXGLAssetLoaderServi - Loading from file system: jar:file:/C:/Users/SSher/.m2/repository/com/github/almasb/fxgl/17.1/fxgl-17.1.jar!/fxglassets/ui/fonts/VarelaRound-Regular.ttf
20:59:01.723 [FXGL Background Thread 1 ] DEBUG FXGLApplication      - Loading default localization
20:59:01.724 [FXGL Background Thread 1 ] DEBUG FXGLAssetLoaderServi - Loading from file system: jar:file:/C:/Users/SSher/.m2/repository/com/github/almasb/fxgl/17.1/fxgl-17.1.jar!/fxglassets/languages/english.lang
20:59:01.742 [FXGL Background Thread 1 ] INFO  FXGLApplication      - FXGL initialization took: 0.362 sec
20:59:01.744 [JavaFX Application Thread] DEBUG FXGLAssetLoaderServi - Loading from file system: jar:file:/C:/Users/SSher/.m2/repository/com/github/almasb/fxgl/17.1/fxgl-17.1.jar!/fxglassets/textures/fxgl_icon.png
20:59:01.758 [JavaFX Application Thread] DEBUG FXGLAssetLoaderServi - Loading from file system: jar:file:/C:/Users/SSher/.m2/repository/com/github/almasb/fxgl/17.1/fxgl-17.1.jar!/fxglassets/textures/fxgl_default_cursor.png
20:59:01.768 [FXGL Background Thread 4 ] DEBUG FXGLAssetLoaderServi - Loading from file system: jar:file:/C:/Users/SSher/.m2/repository/com/github/almasb/fxgl/17.1/fxgl-17.1.jar!/fxglassets/ui/fonts/Abel-Regular.ttf
20:59:01.770 [JavaFX Application Thread] DEBUG Input                - Registered new binding: Screenshot - CTRL+8
20:59:01.770 [FXGL Background Thread 4 ] DEBUG FXGLAssetLoaderServi - Loading from file system: jar:file:/C:/Users/SSher/.m2/repository/com/github/almasb/fxgl/17.1/fxgl-17.1.jar!/fxglassets/ui/fonts/TerminalLandMono-Regular.otf
20:59:01.771 [JavaFX Application Thread] DEBUG Input                - Registered new binding: System info dump - CTRL+9
20:59:01.772 [JavaFX Application Thread] DEBUG Input                - Registered new binding: Restart - CTRL+R
20:59:01.772 [FXGL Background Thread 4 ] DEBUG FXGLAssetLoaderServi - Loading from file system: jar:file:/C:/Users/SSher/.m2/repository/com/github/almasb/fxgl/17.1/fxgl-17.1.jar!/fxglassets/ui/fonts/Courier-Prime.ttf
20:59:01.772 [JavaFX Application Thread] DEBUG Input                - Registered new binding: Toggle Debug Camera - CTRL+7
20:59:01.775 [JavaFX Application Thread] DEBUG LoopRunner           - Starting loop
20:59:01.775 [JavaFX Application Thread] DEBUG LoopRunner           - Initializing JavaFX AnimationTimerLoop
20:59:01.777 [JavaFX Application Thread] DEBUG GameApplicationServi - Starting new game
20:59:01.777 [JavaFX Application Thread] DEBUG Input                - Clearing active input actions
20:59:01.786 [JavaFX Application Thread] DEBUG GameApplicationServi - Removing overlay from FXGLStartupScene and adding to FXGLLoadingScene
20:59:01.787 [JavaFX Application Thread] DEBUG PrimaryStageWindow   - FXGLStartupScene -> FXGLLoadingScene
20:59:01.787 [JavaFX Application Thread] DEBUG GameApplicationServi - Clearing previous game
20:59:01.787 [JavaFX Application Thread] DEBUG GameScene            - Clearing game scene
20:59:01.787 [JavaFX Application Thread] DEBUG GameWorld            - Clearing game world
20:59:01.787 [JavaFX Application Thread] DEBUG PhysicsWorld         - Clearing physics world
20:59:01.789 [FXGL Background Thread 4 ] DEBUG FXGLApplication      - Initializing game
20:59:01.790 [FXGL Background Thread 4 ] INFO  FXGLApplication      - Game initialization took: 0.001 sec
20:59:01.790 [JavaFX Application Thread] DEBUG FXGLApplication      - Registering font factories with UI factory
20:59:01.825 [JavaFX Application Thread] DEBUG Input                - Clearing active input actions
20:59:01.828 [JavaFX Application Thread] DEBUG GameApplicationServi - Removing overlay from FXGLLoadingScene and adding to GameScene
20:59:01.828 [JavaFX Application Thread] DEBUG PrimaryStageWindow   - FXGLLoadingScene -> GameScene
20:59:02.325 [FXGL Background Thread 2 ] INFO  UpdaterService       - Your current version:  17.1
20:59:02.325 [FXGL Background Thread 2 ] INFO  UpdaterService       - Latest stable version: 17.2
20:59:04.723 [FXGL Background Thread 3 ] DEBUG Engine               - Logging environment variables
20:59:04.723 [FXGL Background Thread 3 ] DEBUG Engine               - achievements: []
20:59:04.723 [FXGL Background Thread 3 ] DEBUG Engine               - actualHeight: 800.0
20:59:04.723 [FXGL Background Thread 3 ] DEBUG Engine               - actualHeightProperty: ReadOnlyDoubleProperty [value: 800.0]
20:59:04.723 [FXGL Background Thread 3 ] DEBUG Engine               - actualWidth: 800.0
20:59:04.723 [FXGL Background Thread 3 ] DEBUG Engine               - actualWidthProperty: ReadOnlyDoubleProperty [value: 800.0]
20:59:04.724 [FXGL Background Thread 3 ] DEBUG Engine               - appIcon: fxgl_icon.png
20:59:04.724 [FXGL Background Thread 3 ] DEBUG Engine               - applicationMode: DEVELOPER
20:59:04.724 [FXGL Background Thread 3 ] DEBUG Engine               - cSSList: [fxgl_dark.css]
20:59:04.724 [FXGL Background Thread 3 ] DEBUG Engine               - collisionDetectionStrategy: BRUTE_FORCE
20:59:04.724 [FXGL Background Thread 3 ] DEBUG Engine               - configClass: Optional.empty
20:59:04.724 [FXGL Background Thread 3 ] DEBUG Engine               - credits: []
20:59:04.725 [FXGL Background Thread 3 ] DEBUG Engine               - defaultCursor: CursorInfo(imageName=fxgl_default_cursor.png, hotspotX=7.0, hotspotY=6.0)
20:59:04.726 [FXGL Background Thread 3 ] DEBUG Engine               - devBBoxColorProperty: ObjectProperty [value: 0xff0000ff]
20:59:04.726 [FXGL Background Thread 3 ] DEBUG Engine               - devEnableDebugCameraProperty: BooleanProperty [value: false]
20:59:04.726 [FXGL Background Thread 3 ] DEBUG Engine               - devSensorColorProperty: ObjectProperty [value: 0xffff00ff]
20:59:04.726 [FXGL Background Thread 3 ] DEBUG Engine               - devShowBBoxProperty: BooleanProperty [value: false]
20:59:04.726 [FXGL Background Thread 3 ] DEBUG Engine               - devShowPositionProperty: BooleanProperty [value: false]
20:59:04.726 [FXGL Background Thread 3 ] DEBUG Engine               - enabledMenuItems: []
20:59:04.726 [FXGL Background Thread 3 ] DEBUG Engine               - engineServices: [class com.almasb.fxgl.app.services.FXGLAssetLoaderService, class com.almasb.fxgl.app.FXGLApplication$GameApplicationService, class com.almasb.fxgl.app.services.FXGLDialogService, class com.almasb.fxgl.app.services.IOTaskExecutorService, class com.almasb.fxgl.io.FileSystemService, class com.almasb.fxgl.localization.LocalizationService, class com.almasb.fxgl.app.services.SystemBundleService, class com.almasb.fxgl.profile.SaveLoadService, class com.almasb.fxgl.ui.FXGLUIFactoryServiceProvider, class com.almasb.fxgl.ui.FXGLDialogFactoryServiceProvider, class com.almasb.fxgl.audio.AudioPlayer, class com.almasb.fxgl.notification.impl.NotificationServiceProvider, class com.almasb.fxgl.achievement.AchievementService, class com.almasb.fxgl.cutscene.CutsceneService, class com.almasb.fxgl.minigames.MiniGameService, class com.almasb.fxgl.net.NetService, class com.almasb.fxgl.app.services.UpdaterService, class com.almasb.fxgl.dev.DevService]
20:59:04.726 [FXGL Background Thread 3 ] DEBUG Engine               - fontGame: Abel-Regular.ttf
20:59:04.726 [FXGL Background Thread 3 ] DEBUG Engine               - fontMono: TerminalLandMono-Regular.otf
20:59:04.726 [FXGL Background Thread 3 ] DEBUG Engine               - fontText: Courier-Prime.ttf
20:59:04.726 [FXGL Background Thread 3 ] DEBUG Engine               - fontUI: VarelaRound-Regular.ttf
20:59:04.726 [FXGL Background Thread 3 ] DEBUG Engine               - fullScreen: BooleanProperty [value: false]
20:59:04.726 [FXGL Background Thread 3 ] DEBUG Engine               - gameDifficulty: MEDIUM
20:59:04.726 [FXGL Background Thread 3 ] DEBUG Engine               - gameDifficultyProperty: ObjectProperty [value: MEDIUM]
20:59:04.726 [FXGL Background Thread 3 ] DEBUG Engine               - globalMusicVolume: 0.5
20:59:04.727 [FXGL Background Thread 3 ] DEBUG Engine               - globalMusicVolumeProperty: DoubleProperty [value: 0.5]
20:59:04.727 [FXGL Background Thread 3 ] DEBUG Engine               - globalSoundVolume: 0.5
20:59:04.727 [FXGL Background Thread 3 ] DEBUG Engine               - globalSoundVolumeProperty: DoubleProperty [value: 0.5]
20:59:04.727 [FXGL Background Thread 3 ] DEBUG Engine               - height: 800
20:59:04.727 [FXGL Background Thread 3 ] DEBUG Engine               - is3D: false
20:59:04.727 [FXGL Background Thread 3 ] DEBUG Engine               - isAndroid: false
20:59:04.727 [FXGL Background Thread 3 ] DEBUG Engine               - isBrowser: false
20:59:04.727 [FXGL Background Thread 3 ] DEBUG Engine               - isClickFeedbackEnabled: false
20:59:04.727 [FXGL Background Thread 3 ] DEBUG Engine               - isCloseConfirmation: false
20:59:04.727 [FXGL Background Thread 3 ] DEBUG Engine               - isDesktop: true
20:59:04.727 [FXGL Background Thread 3 ] DEBUG Engine               - isDeveloperMenuEnabled: false
20:59:04.727 [FXGL Background Thread 3 ] DEBUG Engine               - isEmbedded: false
20:59:04.727 [FXGL Background Thread 3 ] DEBUG Engine               - isEntityPreloadEnabled: true
20:59:04.727 [FXGL Background Thread 3 ] DEBUG Engine               - isExperimentalTiledLargeMap: false
20:59:04.727 [FXGL Background Thread 3 ] DEBUG Engine               - isFileSystemWriteAllowed: true
20:59:04.728 [FXGL Background Thread 3 ] DEBUG Engine               - isFullScreenAllowed: false
20:59:04.728 [FXGL Background Thread 3 ] DEBUG Engine               - isFullScreenFromStart: false
20:59:04.728 [FXGL Background Thread 3 ] DEBUG Engine               - isGameMenuEnabled: true
20:59:04.728 [FXGL Background Thread 3 ] DEBUG Engine               - isIOS: false
20:59:04.728 [FXGL Background Thread 3 ] DEBUG Engine               - isIntroEnabled: false
20:59:04.728 [FXGL Background Thread 3 ] DEBUG Engine               - isLinux: false
20:59:04.728 [FXGL Background Thread 3 ] DEBUG Engine               - isMac: false
20:59:04.728 [FXGL Background Thread 3 ] DEBUG Engine               - isMainMenuEnabled: false
20:59:04.728 [FXGL Background Thread 3 ] DEBUG Engine               - isManualResizeEnabled: false
20:59:04.728 [FXGL Background Thread 3 ] DEBUG Engine               - isMobile: false
20:59:04.728 [FXGL Background Thread 3 ] DEBUG Engine               - isNative: false
20:59:04.728 [FXGL Background Thread 3 ] DEBUG Engine               - isPauseMusicWhenMinimized: true
20:59:04.729 [FXGL Background Thread 3 ] DEBUG Engine               - isPreserveResizeRatio: false
20:59:04.729 [FXGL Background Thread 3 ] DEBUG Engine               - isProfilingEnabled: false
20:59:04.729 [FXGL Background Thread 3 ] DEBUG Engine               - isScaleAffectedOnResize: true
20:59:04.729 [FXGL Background Thread 3 ] DEBUG Engine               - isSingleStep: false
20:59:04.729 [FXGL Background Thread 3 ] DEBUG Engine               - isUserProfileEnabled: false
20:59:04.729 [FXGL Background Thread 3 ] DEBUG Engine               - isWindows: true
20:59:04.729 [FXGL Background Thread 3 ] DEBUG Engine               - language: ObjectProperty [value: ENGLISH]
20:59:04.729 [FXGL Background Thread 3 ] DEBUG Engine               - menuKey: ESCAPE
20:59:04.729 [FXGL Background Thread 3 ] DEBUG Engine               - mouseSensitivity: 0.2
20:59:04.729 [FXGL Background Thread 3 ] DEBUG Engine               - notificationViewClass: class com.almasb.fxgl.notification.view.XboxNotificationView
20:59:04.729 [FXGL Background Thread 3 ] DEBUG Engine               - pixelsPerMeter: 50.0
20:59:04.729 [FXGL Background Thread 3 ] DEBUG Engine               - platform: WINDOWS
20:59:04.729 [FXGL Background Thread 3 ] DEBUG Engine               - prefHeightProperty: ReadOnlyDoubleProperty [value: 800.0]
20:59:04.729 [FXGL Background Thread 3 ] DEBUG Engine               - prefWidthProperty: ReadOnlyDoubleProperty [value: 800.0]
20:59:04.729 [FXGL Background Thread 3 ] DEBUG Engine               - profileDir: profiles/
20:59:04.730 [FXGL Background Thread 3 ] DEBUG Engine               - profileName: StringProperty [value: DEFAULT]
20:59:04.730 [FXGL Background Thread 3 ] DEBUG Engine               - randomSeed: -1
20:59:04.731 [FXGL Background Thread 3 ] DEBUG Engine               - runtimeInfo: RuntimeInfo(platform=WINDOWS, version=17.1, build=24.03.2022 17.34)
20:59:04.731 [FXGL Background Thread 3 ] DEBUG Engine               - saveFileExt: sav
20:59:04.731 [FXGL Background Thread 3 ] DEBUG Engine               - scaledHeightProp$fxgl: DoubleProperty [bound, value: 800.0]
20:59:04.731 [FXGL Background Thread 3 ] DEBUG Engine               - scaledWidthProp$fxgl: DoubleProperty [bound, value: 800.0]
20:59:04.731 [FXGL Background Thread 3 ] DEBUG Engine               - sceneFactory: com.almasb.fxgl.app.scene.SceneFactory@6a462144
20:59:04.731 [FXGL Background Thread 3 ] DEBUG Engine               - secondsIn24h: 60
20:59:04.731 [FXGL Background Thread 3 ] DEBUG Engine               - soundMenuBack: menu/back.wav
20:59:04.731 [FXGL Background Thread 3 ] DEBUG Engine               - soundMenuPress: menu/press.wav
20:59:04.731 [FXGL Background Thread 3 ] DEBUG Engine               - soundMenuSelect: menu/select.wav
20:59:04.731 [FXGL Background Thread 3 ] DEBUG Engine               - soundNotification: core/notification.wav
20:59:04.731 [FXGL Background Thread 3 ] DEBUG Engine               - stageStyle: DECORATED
20:59:04.731 [FXGL Background Thread 3 ] DEBUG Engine               - supportedLanguages: [ENGLISH, FRENCH, GERMAN, HUNGARIAN, RUSSIAN]
20:59:04.732 [FXGL Background Thread 3 ] DEBUG Engine               - ticksPerSecond: -1
20:59:04.732 [FXGL Background Thread 3 ] DEBUG Engine               - title: PongGame
20:59:04.732 [FXGL Background Thread 3 ] DEBUG Engine               - urlGithub: https://github.com/AlmasB/FXGL
20:59:04.732 [FXGL Background Thread 3 ] DEBUG Engine               - urlLeaderboard: http://fxgl-top.herokuapp.com/
20:59:04.732 [FXGL Background Thread 3 ] DEBUG Engine               - urlPOM: https://raw.githubusercontent.com/AlmasB/FXGL/release/README.md
20:59:04.732 [FXGL Background Thread 3 ] DEBUG Engine               - userAppClass: class pong.PongGame
20:59:04.732 [FXGL Background Thread 3 ] DEBUG Engine               - version: 1.0
20:59:04.732 [FXGL Background Thread 3 ] DEBUG Engine               - versionCheckDays: 7
20:59:04.732 [FXGL Background Thread 3 ] DEBUG Engine               - width: 800
20:59:04.732 [FXGL Background Thread 3 ] DEBUG Engine               - Logging services
20:59:04.732 [FXGL Background Thread 3 ] DEBUG Engine               - class com.almasb.fxgl.app.services.FXGLAssetLoaderService
20:59:04.732 [FXGL Background Thread 3 ] DEBUG Engine               - class com.almasb.fxgl.app.FXGLApplication$GameApplicationService
20:59:04.732 [FXGL Background Thread 3 ] DEBUG Engine               - class com.almasb.fxgl.app.services.FXGLDialogService
20:59:04.732 [FXGL Background Thread 3 ] DEBUG Engine               - class com.almasb.fxgl.app.services.IOTaskExecutorService
20:59:04.732 [FXGL Background Thread 3 ] DEBUG Engine               - class com.almasb.fxgl.io.FileSystemService
20:59:04.732 [FXGL Background Thread 3 ] DEBUG Engine               - class com.almasb.fxgl.localization.LocalizationService
20:59:04.732 [FXGL Background Thread 3 ] DEBUG Engine               - class com.almasb.fxgl.app.services.SystemBundleService
20:59:04.732 [FXGL Background Thread 3 ] DEBUG Engine               - class com.almasb.fxgl.profile.SaveLoadService
20:59:04.732 [FXGL Background Thread 3 ] DEBUG Engine               - class com.almasb.fxgl.ui.FXGLUIFactoryServiceProvider
20:59:04.732 [FXGL Background Thread 3 ] DEBUG Engine               - class com.almasb.fxgl.ui.FXGLDialogFactoryServiceProvider
20:59:04.732 [FXGL Background Thread 3 ] DEBUG Engine               - class com.almasb.fxgl.audio.AudioPlayer
20:59:04.732 [FXGL Background Thread 3 ] DEBUG Engine               - class com.almasb.fxgl.notification.impl.NotificationServiceProvider
20:59:04.732 [FXGL Background Thread 3 ] DEBUG Engine               - class com.almasb.fxgl.achievement.AchievementService
20:59:04.732 [FXGL Background Thread 3 ] DEBUG Engine               - class com.almasb.fxgl.cutscene.CutsceneService
20:59:04.732 [FXGL Background Thread 3 ] DEBUG Engine               - class com.almasb.fxgl.minigames.MiniGameService
20:59:04.732 [FXGL Background Thread 3 ] DEBUG Engine               - class com.almasb.fxgl.net.NetService
20:59:04.732 [FXGL Background Thread 3 ] DEBUG Engine               - class com.almasb.fxgl.app.services.UpdaterService
20:59:04.732 [FXGL Background Thread 3 ] DEBUG Engine               - class com.almasb.fxgl.dev.DevService
20:59:15.643 [JavaFX Application Thread] DEBUG FXGLApplication      - Exiting FXGL
20:59:15.643 [JavaFX Application Thread] DEBUG LoopRunner           - Stopping loop
20:59:15.644 [JavaFX Application Thread] DEBUG SystemBundleService  - Saving FXGL system data
20:59:15.646 [JavaFX Application Thread] DEBUG FileSystemAccess     - Writing to: C:\Users\SSher\IdeaProjects\PongGame\system\fxgl.bundle
20:59:15.648 [JavaFX Application Thread] DEBUG Async                - Shutting down background threads
20:59:15.648 [JavaFX Application Thread] DEBUG PrimaryStageWindow   - Closing main window
20:59:15.659 [JavaFX Application Thread] DEBUG Logger               - Closing Logger
