17:59:00.389 [main                     ] DEBUG Logger               - Configured Logger
17:59:00.405 [main                     ] DEBUG GameApplication      - Logging settings
Title: PongGame
Version: 1.0
Width: 800
Height: 800
Fullscreen: false
Intro: false
Profiling: false
Single step:false
App Mode: DEVELOPER
Menu Key: ESCAPE
Stage Style: DECORATED
Scene Factory: class com.almasb.fxgl.app.scene.SceneFactory

17:59:00.825 [JavaFX Application Thread] DEBUG FXGLApplication      - Initializing FXGL
17:59:00.828 [JavaFX Application Thread] INFO  Engine               - FXGL-17.1 (24.03.2022 17.34) on WINDOWS (J:19.0.2 FX:18)
17:59:00.828 [JavaFX Application Thread] DEBUG Engine               - JRE Vendor Name: Oracle Corporation
17:59:00.828 [JavaFX Application Thread] DEBUG Engine               - Running on OS: Windows 11 version 10.0
17:59:00.828 [JavaFX Application Thread] DEBUG Engine               - Architecture: amd64
17:59:00.829 [JavaFX Application Thread] INFO  Engine               - Source code and latest versions at: https://github.com/AlmasB/FXGL
17:59:00.829 [JavaFX Application Thread] INFO  Engine               -       Ask questions and discuss at: https://github.com/AlmasB/FXGL/discussions
17:59:00.829 [JavaFX Application Thread] INFO  Engine               -              Join the FXGL chat at: https://gitter.im/AlmasB/FXGL
17:59:00.899 [JavaFX Application Thread] DEBUG PrimaryStageWindow   - Creating a JavaFX scene
17:59:00.934 [JavaFX Application Thread] DEBUG PrimaryStageWindow   - Target settings size: 800.0 x 800.0
17:59:00.934 [JavaFX Application Thread] DEBUG PrimaryStageWindow   - Scaled scene size:    800.0 x 800.0
17:59:00.934 [JavaFX Application Thread] DEBUG PrimaryStageWindow   - Scaled ratio: (1.0, 1.0)
17:59:00.935 [JavaFX Application Thread] DEBUG PrimaryStageWindow   - Set initial scene to FXGLStartupScene
17:59:00.939 [JavaFX Application Thread] DEBUG PrimaryStageWindow   - Opening main window
17:59:01.000 [JavaFX Application Thread] DEBUG PrimaryStageWindow   - Window border size: (14.4000244140625, 37.5999755859375)
17:59:01.001 [JavaFX Application Thread] DEBUG PrimaryStageWindow   - Scaled size: 800.0 x 800.0
17:59:01.001 [JavaFX Application Thread] DEBUG PrimaryStageWindow   - Scaled ratio: (1.0, 1.0)
17:59:01.001 [JavaFX Application Thread] DEBUG PrimaryStageWindow   - Scene size: 800.0 x 800.0
17:59:01.001 [JavaFX Application Thread] DEBUG PrimaryStageWindow   - Stage size: 814.4000244140625 x 837.5999755859375
17:59:01.009 [FXGL Background Thread 1 ] DEBUG Engine               - Initializing environment variables
17:59:01.046 [FXGL Background Thread 1 ] DEBUG FXGLAssetLoaderServi - User app class for loading assets: class pong.PongGame
17:59:01.046 [FXGL Background Thread 1 ] DEBUG GameApplicationServi - Applying CSS: fxgl_dark.css
17:59:01.047 [FXGL Background Thread 1 ] DEBUG FXGLAssetLoaderServi - Loading from file system: jar:file:/C:/Users/SSher/.m2/repository/com/github/almasb/fxgl/17.1/fxgl-17.1.jar!/fxglassets/ui/css/fxgl_dark.css
17:59:01.081 [FXGL Background Thread 1 ] DEBUG GameApplicationServi - Initializing application scenes
17:59:01.119 [FXGL Background Thread 1 ] DEBUG GameWorld            - Game world initialized
17:59:01.166 [FXGL Background Thread 1 ] DEBUG PhysicsWorld         - Physics world initialized: appHeight=800, physics.ppm=50.0
17:59:01.167 [FXGL Background Thread 1 ] DEBUG PhysicsWorld         - Using strategy: BRUTE_FORCE
17:59:01.170 [FXGL Background Thread 1 ] DEBUG GameScene            - Game scene initialized: 800x800
17:59:01.180 [FXGL Background Thread 1 ] DEBUG FXGL.DefaultMenu     - createMenuBodyGameMenu()
17:59:01.193 [FXGL Background Thread 1 ] DEBUG FXGL.DefaultMenu     - createOptionsMenu()
17:59:01.203 [FXGL Background Thread 1 ] DEBUG FXGLAssetLoaderServi - Loading from file system: jar:file:/C:/Users/SSher/.m2/repository/com/github/almasb/fxgl/17.1/fxgl-17.1.jar!/fxglassets/textures/particles/smoke.png
17:59:01.293 [FXGL Background Thread 1 ] DEBUG FXGLAssetLoaderServi - Loading from file system: jar:file:/C:/Users/SSher/.m2/repository/com/github/almasb/fxgl/17.1/fxgl-17.1.jar!/fxglassets/textures/particles/trace_horizontal.png
17:59:01.322 [FXGL Background Thread 1 ] DEBUG GameApplicationServi - Application scenes initialized
17:59:01.345 [FXGL Background Thread 1 ] DEBUG SystemBundleService  - Loading default FXGL system data
17:59:01.345 [FXGL Background Thread 1 ] DEBUG UpdaterService       - Checking for updates
17:59:01.351 [FXGL Background Thread 4 ] DEBUG FXGLApplication      - Loading fonts
17:59:01.351 [FXGL Background Thread 1 ] DEBUG FXGLApplication      - Loading default localization
17:59:01.351 [FXGL Background Thread 4 ] DEBUG FXGLAssetLoaderServi - Loading from file system: jar:file:/C:/Users/SSher/.m2/repository/com/github/almasb/fxgl/17.1/fxgl-17.1.jar!/fxglassets/ui/fonts/VarelaRound-Regular.ttf
17:59:01.352 [FXGL Background Thread 1 ] DEBUG FXGLAssetLoaderServi - Loading from file system: jar:file:/C:/Users/SSher/.m2/repository/com/github/almasb/fxgl/17.1/fxgl-17.1.jar!/fxglassets/languages/english.lang
17:59:01.373 [FXGL Background Thread 1 ] INFO  FXGLApplication      - FXGL initialization took: 0.363 sec
17:59:01.373 [JavaFX Application Thread] DEBUG FXGLAssetLoaderServi - Loading from file system: jar:file:/C:/Users/SSher/.m2/repository/com/github/almasb/fxgl/17.1/fxgl-17.1.jar!/fxglassets/textures/fxgl_icon.png
17:59:01.394 [JavaFX Application Thread] DEBUG FXGLAssetLoaderServi - Loading from file system: jar:file:/C:/Users/SSher/.m2/repository/com/github/almasb/fxgl/17.1/fxgl-17.1.jar!/fxglassets/textures/fxgl_default_cursor.png
17:59:01.405 [JavaFX Application Thread] DEBUG Input                - Registered new binding: Screenshot - CTRL+8
17:59:01.405 [JavaFX Application Thread] DEBUG Input                - Registered new binding: System info dump - CTRL+9
17:59:01.406 [JavaFX Application Thread] DEBUG Input                - Registered new binding: Restart - CTRL+R
17:59:01.407 [JavaFX Application Thread] DEBUG Input                - Registered new binding: Toggle Debug Camera - CTRL+7
17:59:01.410 [JavaFX Application Thread] DEBUG LoopRunner           - Starting loop
17:59:01.410 [JavaFX Application Thread] DEBUG LoopRunner           - Initializing JavaFX AnimationTimerLoop
17:59:01.412 [JavaFX Application Thread] DEBUG GameApplicationServi - Starting new game
17:59:01.412 [JavaFX Application Thread] DEBUG Input                - Clearing active input actions
17:59:01.422 [JavaFX Application Thread] DEBUG GameApplicationServi - Removing overlay from FXGLStartupScene and adding to FXGLLoadingScene
17:59:01.422 [JavaFX Application Thread] DEBUG PrimaryStageWindow   - FXGLStartupScene -> FXGLLoadingScene
17:59:01.423 [JavaFX Application Thread] DEBUG GameApplicationServi - Clearing previous game
17:59:01.423 [JavaFX Application Thread] DEBUG GameScene            - Clearing game scene
17:59:01.423 [JavaFX Application Thread] DEBUG GameWorld            - Clearing game world
17:59:01.423 [JavaFX Application Thread] DEBUG PhysicsWorld         - Clearing physics world
17:59:01.423 [FXGL Background Thread 4 ] DEBUG FXGLAssetLoaderServi - Loading from file system: jar:file:/C:/Users/SSher/.m2/repository/com/github/almasb/fxgl/17.1/fxgl-17.1.jar!/fxglassets/ui/fonts/Abel-Regular.ttf
17:59:01.425 [FXGL Background Thread 1 ] DEBUG FXGLApplication      - Initializing game
17:59:01.425 [FXGL Background Thread 1 ] INFO  FXGLApplication      - Game initialization took: 0.001 sec
17:59:01.427 [FXGL Background Thread 4 ] DEBUG FXGLAssetLoaderServi - Loading from file system: jar:file:/C:/Users/SSher/.m2/repository/com/github/almasb/fxgl/17.1/fxgl-17.1.jar!/fxglassets/ui/fonts/TerminalLandMono-Regular.otf
17:59:01.428 [FXGL Background Thread 4 ] DEBUG FXGLAssetLoaderServi - Loading from file system: jar:file:/C:/Users/SSher/.m2/repository/com/github/almasb/fxgl/17.1/fxgl-17.1.jar!/fxglassets/ui/fonts/Courier-Prime.ttf
17:59:01.463 [JavaFX Application Thread] DEBUG Input                - Clearing active input actions
17:59:01.466 [JavaFX Application Thread] DEBUG GameApplicationServi - Removing overlay from FXGLLoadingScene and adding to GameScene
17:59:01.467 [JavaFX Application Thread] DEBUG PrimaryStageWindow   - FXGLLoadingScene -> GameScene
17:59:01.467 [JavaFX Application Thread] DEBUG FXGLApplication      - Registering font factories with UI factory
17:59:01.859 [FXGL Background Thread 2 ] INFO  UpdaterService       - Your current version:  17.1
17:59:01.860 [FXGL Background Thread 2 ] INFO  UpdaterService       - Latest stable version: 17.2
17:59:04.349 [FXGL Background Thread 3 ] DEBUG Engine               - Logging environment variables
17:59:04.349 [FXGL Background Thread 3 ] DEBUG Engine               - achievements: []
17:59:04.349 [FXGL Background Thread 3 ] DEBUG Engine               - actualHeight: 800.0
17:59:04.349 [FXGL Background Thread 3 ] DEBUG Engine               - actualHeightProperty: ReadOnlyDoubleProperty [value: 800.0]
17:59:04.349 [FXGL Background Thread 3 ] DEBUG Engine               - actualWidth: 800.0
17:59:04.349 [FXGL Background Thread 3 ] DEBUG Engine               - actualWidthProperty: ReadOnlyDoubleProperty [value: 800.0]
17:59:04.349 [FXGL Background Thread 3 ] DEBUG Engine               - appIcon: fxgl_icon.png
17:59:04.349 [FXGL Background Thread 3 ] DEBUG Engine               - applicationMode: DEVELOPER
17:59:04.349 [FXGL Background Thread 3 ] DEBUG Engine               - cSSList: [fxgl_dark.css]
17:59:04.349 [FXGL Background Thread 3 ] DEBUG Engine               - collisionDetectionStrategy: BRUTE_FORCE
17:59:04.349 [FXGL Background Thread 3 ] DEBUG Engine               - configClass: Optional.empty
17:59:04.349 [FXGL Background Thread 3 ] DEBUG Engine               - credits: []
17:59:04.350 [FXGL Background Thread 3 ] DEBUG Engine               - defaultCursor: CursorInfo(imageName=fxgl_default_cursor.png, hotspotX=7.0, hotspotY=6.0)
17:59:04.350 [FXGL Background Thread 3 ] DEBUG Engine               - devBBoxColorProperty: ObjectProperty [value: 0xff0000ff]
17:59:04.350 [FXGL Background Thread 3 ] DEBUG Engine               - devEnableDebugCameraProperty: BooleanProperty [value: false]
17:59:04.350 [FXGL Background Thread 3 ] DEBUG Engine               - devSensorColorProperty: ObjectProperty [value: 0xffff00ff]
17:59:04.350 [FXGL Background Thread 3 ] DEBUG Engine               - devShowBBoxProperty: BooleanProperty [value: false]
17:59:04.350 [FXGL Background Thread 3 ] DEBUG Engine               - devShowPositionProperty: BooleanProperty [value: false]
17:59:04.350 [FXGL Background Thread 3 ] DEBUG Engine               - enabledMenuItems: []
17:59:04.350 [FXGL Background Thread 3 ] DEBUG Engine               - engineServices: [class com.almasb.fxgl.app.services.FXGLAssetLoaderService, class com.almasb.fxgl.app.FXGLApplication$GameApplicationService, class com.almasb.fxgl.app.services.FXGLDialogService, class com.almasb.fxgl.app.services.IOTaskExecutorService, class com.almasb.fxgl.io.FileSystemService, class com.almasb.fxgl.localization.LocalizationService, class com.almasb.fxgl.app.services.SystemBundleService, class com.almasb.fxgl.profile.SaveLoadService, class com.almasb.fxgl.ui.FXGLUIFactoryServiceProvider, class com.almasb.fxgl.ui.FXGLDialogFactoryServiceProvider, class com.almasb.fxgl.audio.AudioPlayer, class com.almasb.fxgl.notification.impl.NotificationServiceProvider, class com.almasb.fxgl.achievement.AchievementService, class com.almasb.fxgl.cutscene.CutsceneService, class com.almasb.fxgl.minigames.MiniGameService, class com.almasb.fxgl.net.NetService, class com.almasb.fxgl.app.services.UpdaterService, class com.almasb.fxgl.dev.DevService]
17:59:04.350 [FXGL Background Thread 3 ] DEBUG Engine               - fontGame: Abel-Regular.ttf
17:59:04.350 [FXGL Background Thread 3 ] DEBUG Engine               - fontMono: TerminalLandMono-Regular.otf
17:59:04.350 [FXGL Background Thread 3 ] DEBUG Engine               - fontText: Courier-Prime.ttf
17:59:04.350 [FXGL Background Thread 3 ] DEBUG Engine               - fontUI: VarelaRound-Regular.ttf
17:59:04.350 [FXGL Background Thread 3 ] DEBUG Engine               - fullScreen: BooleanProperty [value: false]
17:59:04.350 [FXGL Background Thread 3 ] DEBUG Engine               - gameDifficulty: MEDIUM
17:59:04.350 [FXGL Background Thread 3 ] DEBUG Engine               - gameDifficultyProperty: ObjectProperty [value: MEDIUM]
17:59:04.350 [FXGL Background Thread 3 ] DEBUG Engine               - globalMusicVolume: 0.5
17:59:04.350 [FXGL Background Thread 3 ] DEBUG Engine               - globalMusicVolumeProperty: DoubleProperty [value: 0.5]
17:59:04.350 [FXGL Background Thread 3 ] DEBUG Engine               - globalSoundVolume: 0.5
17:59:04.350 [FXGL Background Thread 3 ] DEBUG Engine               - globalSoundVolumeProperty: DoubleProperty [value: 0.5]
17:59:04.350 [FXGL Background Thread 3 ] DEBUG Engine               - height: 800
17:59:04.350 [FXGL Background Thread 3 ] DEBUG Engine               - is3D: false
17:59:04.350 [FXGL Background Thread 3 ] DEBUG Engine               - isAndroid: false
17:59:04.350 [FXGL Background Thread 3 ] DEBUG Engine               - isBrowser: false
17:59:04.350 [FXGL Background Thread 3 ] DEBUG Engine               - isClickFeedbackEnabled: false
17:59:04.350 [FXGL Background Thread 3 ] DEBUG Engine               - isCloseConfirmation: false
17:59:04.350 [FXGL Background Thread 3 ] DEBUG Engine               - isDesktop: true
17:59:04.350 [FXGL Background Thread 3 ] DEBUG Engine               - isDeveloperMenuEnabled: false
17:59:04.350 [FXGL Background Thread 3 ] DEBUG Engine               - isEmbedded: false
17:59:04.351 [FXGL Background Thread 3 ] DEBUG Engine               - isEntityPreloadEnabled: true
17:59:04.351 [FXGL Background Thread 3 ] DEBUG Engine               - isExperimentalTiledLargeMap: false
17:59:04.351 [FXGL Background Thread 3 ] DEBUG Engine               - isFileSystemWriteAllowed: true
17:59:04.351 [FXGL Background Thread 3 ] DEBUG Engine               - isFullScreenAllowed: false
17:59:04.351 [FXGL Background Thread 3 ] DEBUG Engine               - isFullScreenFromStart: false
17:59:04.351 [FXGL Background Thread 3 ] DEBUG Engine               - isGameMenuEnabled: true
17:59:04.351 [FXGL Background Thread 3 ] DEBUG Engine               - isIOS: false
17:59:04.351 [FXGL Background Thread 3 ] DEBUG Engine               - isIntroEnabled: false
17:59:04.351 [FXGL Background Thread 3 ] DEBUG Engine               - isLinux: false
17:59:04.351 [FXGL Background Thread 3 ] DEBUG Engine               - isMac: false
17:59:04.351 [FXGL Background Thread 3 ] DEBUG Engine               - isMainMenuEnabled: false
17:59:04.351 [FXGL Background Thread 3 ] DEBUG Engine               - isManualResizeEnabled: false
17:59:04.351 [FXGL Background Thread 3 ] DEBUG Engine               - isMobile: false
17:59:04.351 [FXGL Background Thread 3 ] DEBUG Engine               - isNative: false
17:59:04.351 [FXGL Background Thread 3 ] DEBUG Engine               - isPauseMusicWhenMinimized: true
17:59:04.351 [FXGL Background Thread 3 ] DEBUG Engine               - isPreserveResizeRatio: false
17:59:04.351 [FXGL Background Thread 3 ] DEBUG Engine               - isProfilingEnabled: false
17:59:04.351 [FXGL Background Thread 3 ] DEBUG Engine               - isScaleAffectedOnResize: true
17:59:04.351 [FXGL Background Thread 3 ] DEBUG Engine               - isSingleStep: false
17:59:04.351 [FXGL Background Thread 3 ] DEBUG Engine               - isUserProfileEnabled: false
17:59:04.351 [FXGL Background Thread 3 ] DEBUG Engine               - isWindows: true
17:59:04.351 [FXGL Background Thread 3 ] DEBUG Engine               - language: ObjectProperty [value: ENGLISH]
17:59:04.351 [FXGL Background Thread 3 ] DEBUG Engine               - menuKey: ESCAPE
17:59:04.351 [FXGL Background Thread 3 ] DEBUG Engine               - mouseSensitivity: 0.2
17:59:04.351 [FXGL Background Thread 3 ] DEBUG Engine               - notificationViewClass: class com.almasb.fxgl.notification.view.XboxNotificationView
17:59:04.351 [FXGL Background Thread 3 ] DEBUG Engine               - pixelsPerMeter: 50.0
17:59:04.351 [FXGL Background Thread 3 ] DEBUG Engine               - platform: WINDOWS
17:59:04.351 [FXGL Background Thread 3 ] DEBUG Engine               - prefHeightProperty: ReadOnlyDoubleProperty [value: 800.0]
17:59:04.351 [FXGL Background Thread 3 ] DEBUG Engine               - prefWidthProperty: ReadOnlyDoubleProperty [value: 800.0]
17:59:04.351 [FXGL Background Thread 3 ] DEBUG Engine               - profileDir: profiles/
17:59:04.351 [FXGL Background Thread 3 ] DEBUG Engine               - profileName: StringProperty [value: DEFAULT]
17:59:04.351 [FXGL Background Thread 3 ] DEBUG Engine               - randomSeed: -1
17:59:04.352 [FXGL Background Thread 3 ] DEBUG Engine               - runtimeInfo: RuntimeInfo(platform=WINDOWS, version=17.1, build=24.03.2022 17.34)
17:59:04.352 [FXGL Background Thread 3 ] DEBUG Engine               - saveFileExt: sav
17:59:04.352 [FXGL Background Thread 3 ] DEBUG Engine               - scaledHeightProp$fxgl: DoubleProperty [bound, value: 800.0]
17:59:04.352 [FXGL Background Thread 3 ] DEBUG Engine               - scaledWidthProp$fxgl: DoubleProperty [bound, value: 800.0]
17:59:04.352 [FXGL Background Thread 3 ] DEBUG Engine               - sceneFactory: com.almasb.fxgl.app.scene.SceneFactory@c714d1d
17:59:04.352 [FXGL Background Thread 3 ] DEBUG Engine               - secondsIn24h: 60
17:59:04.352 [FXGL Background Thread 3 ] DEBUG Engine               - soundMenuBack: menu/back.wav
17:59:04.352 [FXGL Background Thread 3 ] DEBUG Engine               - soundMenuPress: menu/press.wav
17:59:04.352 [FXGL Background Thread 3 ] DEBUG Engine               - soundMenuSelect: menu/select.wav
17:59:04.352 [FXGL Background Thread 3 ] DEBUG Engine               - soundNotification: core/notification.wav
17:59:04.352 [FXGL Background Thread 3 ] DEBUG Engine               - stageStyle: DECORATED
17:59:04.352 [FXGL Background Thread 3 ] DEBUG Engine               - supportedLanguages: [ENGLISH, FRENCH, GERMAN, HUNGARIAN, RUSSIAN]
17:59:04.352 [FXGL Background Thread 3 ] DEBUG Engine               - ticksPerSecond: -1
17:59:04.352 [FXGL Background Thread 3 ] DEBUG Engine               - title: PongGame
17:59:04.352 [FXGL Background Thread 3 ] DEBUG Engine               - urlGithub: https://github.com/AlmasB/FXGL
17:59:04.352 [FXGL Background Thread 3 ] DEBUG Engine               - urlLeaderboard: http://fxgl-top.herokuapp.com/
17:59:04.352 [FXGL Background Thread 3 ] DEBUG Engine               - urlPOM: https://raw.githubusercontent.com/AlmasB/FXGL/release/README.md
17:59:04.352 [FXGL Background Thread 3 ] DEBUG Engine               - userAppClass: class pong.PongGame
17:59:04.352 [FXGL Background Thread 3 ] DEBUG Engine               - version: 1.0
17:59:04.352 [FXGL Background Thread 3 ] DEBUG Engine               - versionCheckDays: 7
17:59:04.352 [FXGL Background Thread 3 ] DEBUG Engine               - width: 800
17:59:04.352 [FXGL Background Thread 3 ] DEBUG Engine               - Logging services
17:59:04.352 [FXGL Background Thread 3 ] DEBUG Engine               - class com.almasb.fxgl.app.services.FXGLAssetLoaderService
17:59:04.352 [FXGL Background Thread 3 ] DEBUG Engine               - class com.almasb.fxgl.app.FXGLApplication$GameApplicationService
17:59:04.352 [FXGL Background Thread 3 ] DEBUG Engine               - class com.almasb.fxgl.app.services.FXGLDialogService
17:59:04.352 [FXGL Background Thread 3 ] DEBUG Engine               - class com.almasb.fxgl.app.services.IOTaskExecutorService
17:59:04.352 [FXGL Background Thread 3 ] DEBUG Engine               - class com.almasb.fxgl.io.FileSystemService
17:59:04.352 [FXGL Background Thread 3 ] DEBUG Engine               - class com.almasb.fxgl.localization.LocalizationService
17:59:04.352 [FXGL Background Thread 3 ] DEBUG Engine               - class com.almasb.fxgl.app.services.SystemBundleService
17:59:04.352 [FXGL Background Thread 3 ] DEBUG Engine               - class com.almasb.fxgl.profile.SaveLoadService
17:59:04.352 [FXGL Background Thread 3 ] DEBUG Engine               - class com.almasb.fxgl.ui.FXGLUIFactoryServiceProvider
17:59:04.352 [FXGL Background Thread 3 ] DEBUG Engine               - class com.almasb.fxgl.ui.FXGLDialogFactoryServiceProvider
17:59:04.352 [FXGL Background Thread 3 ] DEBUG Engine               - class com.almasb.fxgl.audio.AudioPlayer
17:59:04.352 [FXGL Background Thread 3 ] DEBUG Engine               - class com.almasb.fxgl.notification.impl.NotificationServiceProvider
17:59:04.352 [FXGL Background Thread 3 ] DEBUG Engine               - class com.almasb.fxgl.achievement.AchievementService
17:59:04.352 [FXGL Background Thread 3 ] DEBUG Engine               - class com.almasb.fxgl.cutscene.CutsceneService
17:59:04.352 [FXGL Background Thread 3 ] DEBUG Engine               - class com.almasb.fxgl.minigames.MiniGameService
17:59:04.353 [FXGL Background Thread 3 ] DEBUG Engine               - class com.almasb.fxgl.net.NetService
17:59:04.353 [FXGL Background Thread 3 ] DEBUG Engine               - class com.almasb.fxgl.app.services.UpdaterService
17:59:04.353 [FXGL Background Thread 3 ] DEBUG Engine               - class com.almasb.fxgl.dev.DevService
17:59:26.458 [JavaFX Application Thread] DEBUG FXGLApplication      - Exiting FXGL
17:59:26.458 [JavaFX Application Thread] DEBUG LoopRunner           - Stopping loop
17:59:26.458 [JavaFX Application Thread] DEBUG SystemBundleService  - Saving FXGL system data
17:59:26.460 [JavaFX Application Thread] DEBUG FileSystemAccess     - Writing to: C:\Users\SSher\IdeaProjects\PongGame\system\fxgl.bundle
17:59:26.466 [JavaFX Application Thread] DEBUG Async                - Shutting down background threads
17:59:26.467 [JavaFX Application Thread] DEBUG PrimaryStageWindow   - Closing main window
17:59:26.473 [JavaFX Application Thread] DEBUG Logger               - Closing Logger
