21:04:08.032 [main                     ] DEBUG Logger               - Configured Logger
21:04:08.058 [main                     ] DEBUG GameApplication      - Logging settings
Title: PongGame
Version: 1.0
Width: 800
Height: 500
Fullscreen: false
Intro: false
Profiling: false
Single step:false
App Mode: DEVELOPER
Menu Key: ESCAPE
Stage Style: DECORATED
Scene Factory: class com.almasb.fxgl.app.scene.SceneFactory

21:04:08.524 [JavaFX Application Thread] DEBUG FXGLApplication      - Initializing FXGL
21:04:08.528 [JavaFX Application Thread] INFO  Engine               - FXGL-17.1 (24.03.2022 17.34) on WINDOWS (J:19.0.2 FX:18)
21:04:08.529 [JavaFX Application Thread] DEBUG Engine               - JRE Vendor Name: Oracle Corporation
21:04:08.529 [JavaFX Application Thread] DEBUG Engine               - Running on OS: Windows 11 version 10.0
21:04:08.529 [JavaFX Application Thread] DEBUG Engine               - Architecture: amd64
21:04:08.529 [JavaFX Application Thread] INFO  Engine               - Source code and latest versions at: https://github.com/AlmasB/FXGL
21:04:08.529 [JavaFX Application Thread] INFO  Engine               -       Ask questions and discuss at: https://github.com/AlmasB/FXGL/discussions
21:04:08.530 [JavaFX Application Thread] INFO  Engine               -              Join the FXGL chat at: https://gitter.im/AlmasB/FXGL
21:04:08.648 [JavaFX Application Thread] DEBUG PrimaryStageWindow   - Creating a JavaFX scene
21:04:08.699 [JavaFX Application Thread] DEBUG PrimaryStageWindow   - Target settings size: 800.0 x 500.0
21:04:08.699 [JavaFX Application Thread] DEBUG PrimaryStageWindow   - Scaled scene size:    800.0 x 500.0
21:04:08.700 [JavaFX Application Thread] DEBUG PrimaryStageWindow   - Scaled ratio: (1.0, 1.0)
21:04:08.701 [JavaFX Application Thread] DEBUG PrimaryStageWindow   - Set initial scene to FXGLStartupScene
21:04:08.709 [JavaFX Application Thread] DEBUG PrimaryStageWindow   - Opening main window
21:04:08.803 [JavaFX Application Thread] DEBUG PrimaryStageWindow   - Window border size: (14.4000244140625, 37.5999755859375)
21:04:08.804 [JavaFX Application Thread] DEBUG PrimaryStageWindow   - Scaled size: 800.0 x 500.0
21:04:08.805 [JavaFX Application Thread] DEBUG PrimaryStageWindow   - Scaled ratio: (1.0, 1.0)
21:04:08.805 [JavaFX Application Thread] DEBUG PrimaryStageWindow   - Scene size: 800.0 x 500.0
21:04:08.806 [JavaFX Application Thread] DEBUG PrimaryStageWindow   - Stage size: 814.4000244140625 x 537.5999755859375
21:04:08.817 [FXGL Background Thread 1 ] DEBUG Engine               - Initializing environment variables
21:04:08.883 [FXGL Background Thread 1 ] DEBUG FXGLAssetLoaderServi - User app class for loading assets: class pong.PongGame
21:04:08.883 [FXGL Background Thread 1 ] DEBUG GameApplicationServi - Applying CSS: fxgl_dark.css
21:04:08.884 [FXGL Background Thread 1 ] DEBUG FXGLAssetLoaderServi - Loading from file system: jar:file:/C:/Users/SSher/.m2/repository/com/github/almasb/fxgl/17.1/fxgl-17.1.jar!/fxglassets/ui/css/fxgl_dark.css
21:04:08.935 [FXGL Background Thread 1 ] DEBUG GameApplicationServi - Initializing application scenes
21:04:08.987 [FXGL Background Thread 1 ] DEBUG GameWorld            - Game world initialized
21:04:09.061 [FXGL Background Thread 1 ] DEBUG PhysicsWorld         - Physics world initialized: appHeight=500, physics.ppm=50.0
21:04:09.061 [FXGL Background Thread 1 ] DEBUG PhysicsWorld         - Using strategy: BRUTE_FORCE
21:04:09.065 [FXGL Background Thread 1 ] DEBUG GameScene            - Game scene initialized: 800x500
21:04:09.082 [FXGL Background Thread 1 ] WARN  FXGL.DefaultMenu     - FXGLDefaultMenu is not designed for resolutions < 800x600
21:04:09.083 [FXGL Background Thread 1 ] DEBUG FXGL.DefaultMenu     - createMenuBodyGameMenu()
21:04:09.112 [FXGL Background Thread 1 ] DEBUG FXGL.DefaultMenu     - createOptionsMenu()
21:04:09.126 [FXGL Background Thread 1 ] DEBUG FXGLAssetLoaderServi - Loading from file system: jar:file:/C:/Users/SSher/.m2/repository/com/github/almasb/fxgl/17.1/fxgl-17.1.jar!/fxglassets/textures/particles/smoke.png
21:04:09.269 [FXGL Background Thread 1 ] DEBUG FXGLAssetLoaderServi - Loading from file system: jar:file:/C:/Users/SSher/.m2/repository/com/github/almasb/fxgl/17.1/fxgl-17.1.jar!/fxglassets/textures/particles/trace_horizontal.png
21:04:09.304 [FXGL Background Thread 1 ] DEBUG GameApplicationServi - Application scenes initialized
21:04:09.319 [FXGL Background Thread 1 ] DEBUG SystemBundleService  - Loading FXGL system data
21:04:09.323 [FXGL Background Thread 1 ] DEBUG FileSystemAccess     - Reading from: C:\Users\SSher\IdeaProjects\PongGame\system\fxgl.bundle
21:04:09.332 [FXGL Background Thread 1 ] DEBUG SystemBundleService  - Bundle FXGL: {}
21:04:09.332 [FXGL Background Thread 1 ] DEBUG UpdaterService       - Checking for updates
21:04:09.336 [FXGL Background Thread 4 ] DEBUG FXGLApplication      - Loading fonts
21:04:09.337 [FXGL Background Thread 1 ] DEBUG FXGLApplication      - Loading default localization
21:04:09.337 [FXGL Background Thread 4 ] DEBUG FXGLAssetLoaderServi - Loading from file system: jar:file:/C:/Users/SSher/.m2/repository/com/github/almasb/fxgl/17.1/fxgl-17.1.jar!/fxglassets/ui/fonts/VarelaRound-Regular.ttf
21:04:09.338 [FXGL Background Thread 1 ] DEBUG FXGLAssetLoaderServi - Loading from file system: jar:file:/C:/Users/SSher/.m2/repository/com/github/almasb/fxgl/17.1/fxgl-17.1.jar!/fxglassets/languages/english.lang
21:04:09.372 [FXGL Background Thread 1 ] INFO  FXGLApplication      - FXGL initialization took: 0.555 sec
21:04:09.373 [JavaFX Application Thread] DEBUG FXGLAssetLoaderServi - Loading from file system: jar:file:/C:/Users/SSher/.m2/repository/com/github/almasb/fxgl/17.1/fxgl-17.1.jar!/fxglassets/textures/fxgl_icon.png
21:04:09.407 [JavaFX Application Thread] DEBUG FXGLAssetLoaderServi - Loading from file system: jar:file:/C:/Users/SSher/.m2/repository/com/github/almasb/fxgl/17.1/fxgl-17.1.jar!/fxglassets/textures/fxgl_default_cursor.png
21:04:09.435 [JavaFX Application Thread] DEBUG Input                - Registered new binding: Screenshot - CTRL+8
21:04:09.435 [JavaFX Application Thread] DEBUG Input                - Registered new binding: System info dump - CTRL+9
21:04:09.437 [FXGL Background Thread 4 ] DEBUG FXGLAssetLoaderServi - Loading from file system: jar:file:/C:/Users/SSher/.m2/repository/com/github/almasb/fxgl/17.1/fxgl-17.1.jar!/fxglassets/ui/fonts/Abel-Regular.ttf
21:04:09.437 [JavaFX Application Thread] DEBUG Input                - Registered new binding: Restart - CTRL+R
21:04:09.438 [JavaFX Application Thread] DEBUG Input                - Registered new binding: Toggle Debug Camera - CTRL+7
21:04:09.442 [JavaFX Application Thread] DEBUG LoopRunner           - Starting loop
21:04:09.443 [JavaFX Application Thread] DEBUG LoopRunner           - Initializing JavaFX AnimationTimerLoop
21:04:09.444 [JavaFX Application Thread] DEBUG GameApplicationServi - Starting new game
21:04:09.445 [JavaFX Application Thread] DEBUG Input                - Clearing active input actions
21:04:09.447 [FXGL Background Thread 4 ] DEBUG FXGLAssetLoaderServi - Loading from file system: jar:file:/C:/Users/SSher/.m2/repository/com/github/almasb/fxgl/17.1/fxgl-17.1.jar!/fxglassets/ui/fonts/TerminalLandMono-Regular.otf
21:04:09.459 [FXGL Background Thread 4 ] DEBUG FXGLAssetLoaderServi - Loading from file system: jar:file:/C:/Users/SSher/.m2/repository/com/github/almasb/fxgl/17.1/fxgl-17.1.jar!/fxglassets/ui/fonts/Courier-Prime.ttf
21:04:09.461 [JavaFX Application Thread] DEBUG GameApplicationServi - Removing overlay from FXGLStartupScene and adding to FXGLLoadingScene
21:04:09.462 [JavaFX Application Thread] DEBUG PrimaryStageWindow   - FXGLStartupScene -> FXGLLoadingScene
21:04:09.462 [JavaFX Application Thread] DEBUG GameApplicationServi - Clearing previous game
21:04:09.462 [JavaFX Application Thread] DEBUG GameScene            - Clearing game scene
21:04:09.462 [JavaFX Application Thread] DEBUG GameWorld            - Clearing game world
21:04:09.462 [JavaFX Application Thread] DEBUG PhysicsWorld         - Clearing physics world
21:04:09.465 [FXGL Background Thread 1 ] DEBUG FXGLApplication      - Initializing game
21:04:09.490 [FXGL Background Thread 1 ] INFO  FXGLApplication      - Game initialization took: 0.024 sec
21:04:09.526 [JavaFX Application Thread] DEBUG FXGLApplication      - Registering font factories with UI factory
21:04:09.527 [JavaFX Application Thread] DEBUG Input                - Clearing active input actions
21:04:09.535 [JavaFX Application Thread] DEBUG GameApplicationServi - Removing overlay from FXGLLoadingScene and adding to GameScene
21:04:09.536 [JavaFX Application Thread] DEBUG PrimaryStageWindow   - FXGLLoadingScene -> GameScene
21:04:09.805 [FXGL Background Thread 2 ] INFO  UpdaterService       - Your current version:  17.1
21:04:09.806 [FXGL Background Thread 2 ] INFO  UpdaterService       - Latest stable version: 17.2
21:04:12.207 [JavaFX Application Thread] DEBUG FXGLApplication      - Exiting FXGL
21:04:12.208 [JavaFX Application Thread] DEBUG LoopRunner           - Stopping loop
21:04:12.208 [JavaFX Application Thread] DEBUG SystemBundleService  - Saving FXGL system data
21:04:12.210 [JavaFX Application Thread] DEBUG FileSystemAccess     - Writing to: C:\Users\SSher\IdeaProjects\PongGame\system\fxgl.bundle
21:04:12.215 [JavaFX Application Thread] DEBUG Async                - Shutting down background threads
21:04:12.215 [JavaFX Application Thread] DEBUG PrimaryStageWindow   - Closing main window
21:04:12.235 [JavaFX Application Thread] DEBUG Logger               - Closing Logger
