21:34:44.329 [main                     ] DEBUG Logger               - Configured Logger
21:34:44.359 [main                     ] DEBUG GameApplication      - Logging settings
Title: PongGame
Version: 1.0
Width: 800
Height: 500
Fullscreen: false
Intro: false
Profiling: false
Single step:false
App Mode: DEVELOPER
Menu Key: ESCAPE
Stage Style: DECORATED
Scene Factory: class com.almasb.fxgl.app.scene.SceneFactory

21:34:44.815 [JavaFX Application Thread] DEBUG FXGLApplication      - Initializing FXGL
21:34:44.820 [JavaFX Application Thread] INFO  Engine               - FXGL-17.1 (24.03.2022 17.34) on WINDOWS (J:19.0.2 FX:18)
21:34:44.821 [JavaFX Application Thread] DEBUG Engine               - JRE Vendor Name: Oracle Corporation
21:34:44.821 [JavaFX Application Thread] DEBUG Engine               - Running on OS: Windows 11 version 10.0
21:34:44.821 [JavaFX Application Thread] DEBUG Engine               - Architecture: amd64
21:34:44.821 [JavaFX Application Thread] INFO  Engine               - Source code and latest versions at: https://github.com/AlmasB/FXGL
21:34:44.822 [JavaFX Application Thread] INFO  Engine               -       Ask questions and discuss at: https://github.com/AlmasB/FXGL/discussions
21:34:44.822 [JavaFX Application Thread] INFO  Engine               -              Join the FXGL chat at: https://gitter.im/AlmasB/FXGL
21:34:44.943 [JavaFX Application Thread] DEBUG PrimaryStageWindow   - Creating a JavaFX scene
21:34:44.990 [JavaFX Application Thread] DEBUG PrimaryStageWindow   - Target settings size: 800.0 x 500.0
21:34:44.990 [JavaFX Application Thread] DEBUG PrimaryStageWindow   - Scaled scene size:    800.0 x 500.0
21:34:44.990 [JavaFX Application Thread] DEBUG PrimaryStageWindow   - Scaled ratio: (1.0, 1.0)
21:34:44.991 [JavaFX Application Thread] DEBUG PrimaryStageWindow   - Set initial scene to FXGLStartupScene
21:34:45.000 [JavaFX Application Thread] DEBUG PrimaryStageWindow   - Opening main window
21:34:45.086 [JavaFX Application Thread] DEBUG PrimaryStageWindow   - Window border size: (14.4000244140625, 37.5999755859375)
21:34:45.086 [JavaFX Application Thread] DEBUG PrimaryStageWindow   - Scaled size: 800.0 x 500.0
21:34:45.087 [JavaFX Application Thread] DEBUG PrimaryStageWindow   - Scaled ratio: (1.0, 1.0)
21:34:45.088 [JavaFX Application Thread] DEBUG PrimaryStageWindow   - Scene size: 800.0 x 500.0
21:34:45.088 [JavaFX Application Thread] DEBUG PrimaryStageWindow   - Stage size: 814.4000244140625 x 537.5999755859375
21:34:45.098 [FXGL Background Thread 1 ] DEBUG Engine               - Initializing environment variables
21:34:45.163 [FXGL Background Thread 1 ] DEBUG FXGLAssetLoaderServi - User app class for loading assets: class pong.PongGame
21:34:45.163 [FXGL Background Thread 1 ] DEBUG GameApplicationServi - Applying CSS: fxgl_dark.css
21:34:45.165 [FXGL Background Thread 1 ] DEBUG FXGLAssetLoaderServi - Loading from file system: jar:file:/C:/Users/SSher/.m2/repository/com/github/almasb/fxgl/17.1/fxgl-17.1.jar!/fxglassets/ui/css/fxgl_dark.css
21:34:45.219 [FXGL Background Thread 1 ] DEBUG GameApplicationServi - Initializing application scenes
21:34:45.278 [FXGL Background Thread 1 ] DEBUG GameWorld            - Game world initialized
21:34:45.352 [FXGL Background Thread 1 ] DEBUG PhysicsWorld         - Physics world initialized: appHeight=500, physics.ppm=50.0
21:34:45.352 [FXGL Background Thread 1 ] DEBUG PhysicsWorld         - Using strategy: BRUTE_FORCE
21:34:45.356 [FXGL Background Thread 1 ] DEBUG GameScene            - Game scene initialized: 800x500
21:34:45.371 [FXGL Background Thread 1 ] WARN  FXGL.DefaultMenu     - FXGLDefaultMenu is not designed for resolutions < 800x600
21:34:45.371 [FXGL Background Thread 1 ] DEBUG FXGL.DefaultMenu     - createMenuBodyGameMenu()
21:34:45.391 [FXGL Background Thread 1 ] DEBUG FXGL.DefaultMenu     - createOptionsMenu()
21:34:45.404 [FXGL Background Thread 1 ] DEBUG FXGLAssetLoaderServi - Loading from file system: jar:file:/C:/Users/SSher/.m2/repository/com/github/almasb/fxgl/17.1/fxgl-17.1.jar!/fxglassets/textures/particles/smoke.png
21:34:45.523 [FXGL Background Thread 1 ] DEBUG FXGLAssetLoaderServi - Loading from file system: jar:file:/C:/Users/SSher/.m2/repository/com/github/almasb/fxgl/17.1/fxgl-17.1.jar!/fxglassets/textures/particles/trace_horizontal.png
21:34:45.557 [FXGL Background Thread 1 ] DEBUG GameApplicationServi - Application scenes initialized
21:34:45.572 [FXGL Background Thread 1 ] DEBUG SystemBundleService  - Loading FXGL system data
21:34:45.577 [FXGL Background Thread 1 ] DEBUG FileSystemAccess     - Reading from: C:\Users\SSher\IdeaProjects\PongGame\system\fxgl.bundle
21:34:45.585 [FXGL Background Thread 1 ] DEBUG SystemBundleService  - Bundle FXGL: {}
21:34:45.585 [FXGL Background Thread 1 ] DEBUG UpdaterService       - Checking for updates
21:34:45.590 [FXGL Background Thread 4 ] DEBUG FXGLApplication      - Loading fonts
21:34:45.591 [FXGL Background Thread 1 ] DEBUG FXGLApplication      - Loading default localization
21:34:45.591 [FXGL Background Thread 4 ] DEBUG FXGLAssetLoaderServi - Loading from file system: jar:file:/C:/Users/SSher/.m2/repository/com/github/almasb/fxgl/17.1/fxgl-17.1.jar!/fxglassets/ui/fonts/VarelaRound-Regular.ttf
21:34:45.592 [FXGL Background Thread 1 ] DEBUG FXGLAssetLoaderServi - Loading from file system: jar:file:/C:/Users/SSher/.m2/repository/com/github/almasb/fxgl/17.1/fxgl-17.1.jar!/fxglassets/languages/english.lang
21:34:45.623 [FXGL Background Thread 1 ] INFO  FXGLApplication      - FXGL initialization took: 0.525 sec
21:34:45.636 [JavaFX Application Thread] DEBUG Input                - Registered new binding: up - W
21:34:45.636 [JavaFX Application Thread] DEBUG Input                - Registered new binding: down - S
21:34:45.636 [JavaFX Application Thread] DEBUG FXGLAssetLoaderServi - Loading from file system: jar:file:/C:/Users/SSher/.m2/repository/com/github/almasb/fxgl/17.1/fxgl-17.1.jar!/fxglassets/textures/fxgl_icon.png
21:34:45.662 [JavaFX Application Thread] DEBUG FXGLAssetLoaderServi - Loading from file system: jar:file:/C:/Users/SSher/.m2/repository/com/github/almasb/fxgl/17.1/fxgl-17.1.jar!/fxglassets/textures/fxgl_default_cursor.png
21:34:45.670 [JavaFX Application Thread] DEBUG Input                - Registered new binding: Screenshot - CTRL+8
21:34:45.672 [JavaFX Application Thread] DEBUG Input                - Registered new binding: System info dump - CTRL+9
21:34:45.673 [JavaFX Application Thread] DEBUG Input                - Registered new binding: Restart - CTRL+R
21:34:45.675 [JavaFX Application Thread] DEBUG Input                - Registered new binding: Toggle Debug Camera - CTRL+7
21:34:45.681 [JavaFX Application Thread] DEBUG LoopRunner           - Starting loop
21:34:45.681 [JavaFX Application Thread] DEBUG LoopRunner           - Initializing JavaFX AnimationTimerLoop
21:34:45.685 [JavaFX Application Thread] DEBUG GameApplicationServi - Starting new game
21:34:45.686 [JavaFX Application Thread] DEBUG Input                - Clearing active input actions
21:34:45.701 [FXGL Background Thread 4 ] DEBUG FXGLAssetLoaderServi - Loading from file system: jar:file:/C:/Users/SSher/.m2/repository/com/github/almasb/fxgl/17.1/fxgl-17.1.jar!/fxglassets/ui/fonts/Abel-Regular.ttf
21:34:45.705 [JavaFX Application Thread] DEBUG GameApplicationServi - Removing overlay from FXGLStartupScene and adding to FXGLLoadingScene
21:34:45.706 [JavaFX Application Thread] DEBUG PrimaryStageWindow   - FXGLStartupScene -> FXGLLoadingScene
21:34:45.706 [JavaFX Application Thread] DEBUG GameApplicationServi - Clearing previous game
21:34:45.706 [JavaFX Application Thread] DEBUG GameScene            - Clearing game scene
21:34:45.706 [JavaFX Application Thread] DEBUG GameWorld            - Clearing game world
21:34:45.706 [JavaFX Application Thread] DEBUG PhysicsWorld         - Clearing physics world
21:34:45.709 [FXGL Background Thread 1 ] DEBUG FXGLApplication      - Initializing game
21:34:45.715 [FXGL Background Thread 4 ] DEBUG FXGLAssetLoaderServi - Loading from file system: jar:file:/C:/Users/SSher/.m2/repository/com/github/almasb/fxgl/17.1/fxgl-17.1.jar!/fxglassets/ui/fonts/TerminalLandMono-Regular.otf
21:34:45.727 [FXGL Background Thread 4 ] DEBUG FXGLAssetLoaderServi - Loading from file system: jar:file:/C:/Users/SSher/.m2/repository/com/github/almasb/fxgl/17.1/fxgl-17.1.jar!/fxglassets/ui/fonts/Courier-Prime.ttf
21:34:45.767 [FXGL Background Thread 1 ] INFO  FXGLApplication      - Game initialization took: 0.059 sec
21:34:45.800 [JavaFX Application Thread] DEBUG FXGLApplication      - Registering font factories with UI factory
21:34:45.801 [JavaFX Application Thread] DEBUG Input                - Clearing active input actions
21:34:45.805 [JavaFX Application Thread] DEBUG GameApplicationServi - Removing overlay from FXGLLoadingScene and adding to GameScene
21:34:45.807 [JavaFX Application Thread] DEBUG PrimaryStageWindow   - FXGLLoadingScene -> GameScene
21:34:46.013 [FXGL Background Thread 2 ] INFO  UpdaterService       - Your current version:  17.1
21:34:46.014 [FXGL Background Thread 2 ] INFO  UpdaterService       - Latest stable version: 17.2
21:34:47.936 [JavaFX Application Thread] DEBUG FXGLApplication      - Exiting FXGL
21:34:47.936 [JavaFX Application Thread] DEBUG LoopRunner           - Stopping loop
21:34:47.936 [JavaFX Application Thread] DEBUG SystemBundleService  - Saving FXGL system data
21:34:47.941 [JavaFX Application Thread] DEBUG FileSystemAccess     - Writing to: C:\Users\SSher\IdeaProjects\PongGame\system\fxgl.bundle
21:34:47.944 [JavaFX Application Thread] DEBUG Async                - Shutting down background threads
21:34:47.944 [JavaFX Application Thread] DEBUG PrimaryStageWindow   - Closing main window
21:34:47.964 [JavaFX Application Thread] DEBUG Logger               - Closing Logger
