17:23:39.644 [main                     ] DEBUG Logger               - Configured Logger
17:23:39.678 [main                     ] DEBUG GameApplication      - Logging settings
Title: PongGame
Version: 1.0
Width: 800
Height: 800
Fullscreen: false
Intro: false
Profiling: false
Single step:false
App Mode: DEVELOPER
Menu Key: ESCAPE
Stage Style: DECORATED
Scene Factory: class com.almasb.fxgl.app.scene.SceneFactory

17:23:40.331 [JavaFX Application Thread] DEBUG FXGLApplication      - Initializing FXGL
17:23:40.335 [JavaFX Application Thread] INFO  Engine               - FXGL-17.1 (24.03.2022 17.34) on WINDOWS (J:19.0.2 FX:18)
17:23:40.336 [JavaFX Application Thread] DEBUG Engine               - JRE Vendor Name: Oracle Corporation
17:23:40.336 [JavaFX Application Thread] DEBUG Engine               - Running on OS: Windows 11 version 10.0
17:23:40.337 [JavaFX Application Thread] DEBUG Engine               - Architecture: amd64
17:23:40.337 [JavaFX Application Thread] INFO  Engine               - Source code and latest versions at: https://github.com/AlmasB/FXGL
17:23:40.337 [JavaFX Application Thread] INFO  Engine               -       Ask questions and discuss at: https://github.com/AlmasB/FXGL/discussions
17:23:40.337 [JavaFX Application Thread] INFO  Engine               -              Join the FXGL chat at: https://gitter.im/AlmasB/FXGL
17:23:40.445 [JavaFX Application Thread] DEBUG PrimaryStageWindow   - Creating a JavaFX scene
17:23:40.489 [JavaFX Application Thread] DEBUG PrimaryStageWindow   - Target settings size: 800.0 x 800.0
17:23:40.490 [JavaFX Application Thread] DEBUG PrimaryStageWindow   - Scaled scene size:    800.0 x 800.0
17:23:40.491 [JavaFX Application Thread] DEBUG PrimaryStageWindow   - Scaled ratio: (1.0, 1.0)
17:23:40.492 [JavaFX Application Thread] DEBUG PrimaryStageWindow   - Set initial scene to FXGLStartupScene
17:23:40.498 [JavaFX Application Thread] DEBUG PrimaryStageWindow   - Opening main window
17:23:40.576 [JavaFX Application Thread] DEBUG PrimaryStageWindow   - Window border size: (14.4000244140625, 37.5999755859375)
17:23:40.576 [JavaFX Application Thread] DEBUG PrimaryStageWindow   - Scaled size: 800.0 x 800.0
17:23:40.577 [JavaFX Application Thread] DEBUG PrimaryStageWindow   - Scaled ratio: (1.0, 1.0)
17:23:40.577 [JavaFX Application Thread] DEBUG PrimaryStageWindow   - Scene size: 800.0 x 800.0
17:23:40.577 [JavaFX Application Thread] DEBUG PrimaryStageWindow   - Stage size: 814.4000244140625 x 837.5999755859375
17:23:40.585 [FXGL Background Thread 1 ] DEBUG Engine               - Initializing environment variables
17:23:40.644 [FXGL Background Thread 1 ] DEBUG FXGLAssetLoaderServi - User app class for loading assets: class pong.PongGame
17:23:40.645 [FXGL Background Thread 1 ] DEBUG GameApplicationServi - Applying CSS: fxgl_dark.css
17:23:40.645 [FXGL Background Thread 1 ] DEBUG FXGLAssetLoaderServi - Loading from file system: jar:file:/C:/Users/SSher/.m2/repository/com/github/almasb/fxgl/17.1/fxgl-17.1.jar!/fxglassets/ui/css/fxgl_dark.css
17:23:40.691 [FXGL Background Thread 1 ] DEBUG GameApplicationServi - Initializing application scenes
17:23:40.741 [FXGL Background Thread 1 ] DEBUG GameWorld            - Game world initialized
17:23:40.808 [FXGL Background Thread 1 ] DEBUG PhysicsWorld         - Physics world initialized: appHeight=800, physics.ppm=50.0
17:23:40.809 [FXGL Background Thread 1 ] DEBUG PhysicsWorld         - Using strategy: BRUTE_FORCE
17:23:40.813 [FXGL Background Thread 1 ] DEBUG GameScene            - Game scene initialized: 800x800
17:23:40.831 [FXGL Background Thread 1 ] DEBUG FXGL.DefaultMenu     - createMenuBodyGameMenu()
17:23:40.849 [FXGL Background Thread 1 ] DEBUG FXGL.DefaultMenu     - createOptionsMenu()
17:23:40.864 [FXGL Background Thread 1 ] DEBUG FXGLAssetLoaderServi - Loading from file system: jar:file:/C:/Users/SSher/.m2/repository/com/github/almasb/fxgl/17.1/fxgl-17.1.jar!/fxglassets/textures/particles/smoke.png
17:23:40.986 [FXGL Background Thread 1 ] DEBUG FXGLAssetLoaderServi - Loading from file system: jar:file:/C:/Users/SSher/.m2/repository/com/github/almasb/fxgl/17.1/fxgl-17.1.jar!/fxglassets/textures/particles/trace_horizontal.png
17:23:41.016 [FXGL Background Thread 1 ] DEBUG GameApplicationServi - Application scenes initialized
17:23:41.030 [FXGL Background Thread 1 ] DEBUG SystemBundleService  - Loading FXGL system data
17:23:41.035 [FXGL Background Thread 1 ] DEBUG FileSystemAccess     - Reading from: C:\Users\SSher\IdeaProjects\PongGame\system\fxgl.bundle
17:23:41.045 [FXGL Background Thread 1 ] DEBUG SystemBundleService  - Bundle FXGL: {}
17:23:41.045 [FXGL Background Thread 1 ] DEBUG UpdaterService       - Checking for updates
17:23:41.049 [FXGL Background Thread 4 ] DEBUG FXGLApplication      - Loading fonts
17:23:41.049 [FXGL Background Thread 4 ] DEBUG FXGLAssetLoaderServi - Loading from file system: jar:file:/C:/Users/SSher/.m2/repository/com/github/almasb/fxgl/17.1/fxgl-17.1.jar!/fxglassets/ui/fonts/VarelaRound-Regular.ttf
17:23:41.050 [FXGL Background Thread 1 ] DEBUG FXGLApplication      - Loading default localization
17:23:41.051 [FXGL Background Thread 1 ] DEBUG FXGLAssetLoaderServi - Loading from file system: jar:file:/C:/Users/SSher/.m2/repository/com/github/almasb/fxgl/17.1/fxgl-17.1.jar!/fxglassets/languages/english.lang
17:23:41.075 [FXGL Background Thread 1 ] INFO  FXGLApplication      - FXGL initialization took: 0.490 sec
17:23:41.077 [JavaFX Application Thread] DEBUG FXGLAssetLoaderServi - Loading from file system: jar:file:/C:/Users/SSher/.m2/repository/com/github/almasb/fxgl/17.1/fxgl-17.1.jar!/fxglassets/textures/fxgl_icon.png
17:23:41.103 [JavaFX Application Thread] DEBUG FXGLAssetLoaderServi - Loading from file system: jar:file:/C:/Users/SSher/.m2/repository/com/github/almasb/fxgl/17.1/fxgl-17.1.jar!/fxglassets/textures/fxgl_default_cursor.png
17:23:41.120 [JavaFX Application Thread] DEBUG Input                - Registered new binding: Screenshot - CTRL+8
17:23:41.122 [JavaFX Application Thread] DEBUG Input                - Registered new binding: System info dump - CTRL+9
17:23:41.123 [JavaFX Application Thread] DEBUG Input                - Registered new binding: Restart - CTRL+R
17:23:41.124 [JavaFX Application Thread] DEBUG Input                - Registered new binding: Toggle Debug Camera - CTRL+7
17:23:41.128 [JavaFX Application Thread] DEBUG LoopRunner           - Starting loop
17:23:41.128 [JavaFX Application Thread] DEBUG LoopRunner           - Initializing JavaFX AnimationTimerLoop
17:23:41.130 [JavaFX Application Thread] DEBUG GameApplicationServi - Starting new game
17:23:41.131 [JavaFX Application Thread] DEBUG Input                - Clearing active input actions
17:23:41.132 [FXGL Background Thread 4 ] DEBUG FXGLAssetLoaderServi - Loading from file system: jar:file:/C:/Users/SSher/.m2/repository/com/github/almasb/fxgl/17.1/fxgl-17.1.jar!/fxglassets/ui/fonts/Abel-Regular.ttf
17:23:41.135 [FXGL Background Thread 4 ] DEBUG FXGLAssetLoaderServi - Loading from file system: jar:file:/C:/Users/SSher/.m2/repository/com/github/almasb/fxgl/17.1/fxgl-17.1.jar!/fxglassets/ui/fonts/TerminalLandMono-Regular.otf
17:23:41.140 [FXGL Background Thread 4 ] DEBUG FXGLAssetLoaderServi - Loading from file system: jar:file:/C:/Users/SSher/.m2/repository/com/github/almasb/fxgl/17.1/fxgl-17.1.jar!/fxglassets/ui/fonts/Courier-Prime.ttf
17:23:41.150 [JavaFX Application Thread] DEBUG GameApplicationServi - Removing overlay from FXGLStartupScene and adding to FXGLLoadingScene
17:23:41.151 [JavaFX Application Thread] DEBUG PrimaryStageWindow   - FXGLStartupScene -> FXGLLoadingScene
17:23:41.151 [JavaFX Application Thread] DEBUG GameApplicationServi - Clearing previous game
17:23:41.151 [JavaFX Application Thread] DEBUG GameScene            - Clearing game scene
17:23:41.151 [JavaFX Application Thread] DEBUG GameWorld            - Clearing game world
17:23:41.151 [JavaFX Application Thread] DEBUG PhysicsWorld         - Clearing physics world
17:23:41.154 [FXGL Background Thread 4 ] DEBUG FXGLApplication      - Initializing game
17:23:41.205 [FXGL Background Thread 4 ] INFO  FXGLApplication      - Game initialization took: 0.051 sec
17:23:41.225 [JavaFX Application Thread] DEBUG FXGLApplication      - Registering font factories with UI factory
17:23:41.229 [JavaFX Application Thread] DEBUG Input                - Clearing active input actions
17:23:41.238 [JavaFX Application Thread] DEBUG GameApplicationServi - Removing overlay from FXGLLoadingScene and adding to GameScene
17:23:41.238 [JavaFX Application Thread] DEBUG PrimaryStageWindow   - FXGLLoadingScene -> GameScene
17:23:41.448 [FXGL Background Thread 2 ] INFO  UpdaterService       - Your current version:  17.1
17:23:41.449 [FXGL Background Thread 2 ] INFO  UpdaterService       - Latest stable version: 17.2
17:23:44.048 [FXGL Background Thread 3 ] DEBUG Engine               - Logging environment variables
17:23:44.049 [FXGL Background Thread 3 ] DEBUG Engine               - achievements: []
17:23:44.050 [FXGL Background Thread 3 ] DEBUG Engine               - actualHeight: 800.0
17:23:44.051 [FXGL Background Thread 3 ] DEBUG Engine               - actualHeightProperty: ReadOnlyDoubleProperty [value: 800.0]
17:23:44.051 [FXGL Background Thread 3 ] DEBUG Engine               - actualWidth: 800.0
17:23:44.051 [FXGL Background Thread 3 ] DEBUG Engine               - actualWidthProperty: ReadOnlyDoubleProperty [value: 800.0]
17:23:44.052 [FXGL Background Thread 3 ] DEBUG Engine               - appIcon: fxgl_icon.png
17:23:44.052 [FXGL Background Thread 3 ] DEBUG Engine               - applicationMode: DEVELOPER
17:23:44.052 [FXGL Background Thread 3 ] DEBUG Engine               - cSSList: [fxgl_dark.css]
17:23:44.052 [FXGL Background Thread 3 ] DEBUG Engine               - collisionDetectionStrategy: BRUTE_FORCE
17:23:44.053 [FXGL Background Thread 3 ] DEBUG Engine               - configClass: Optional.empty
17:23:44.054 [FXGL Background Thread 3 ] DEBUG Engine               - credits: []
17:23:44.055 [FXGL Background Thread 3 ] DEBUG Engine               - defaultCursor: CursorInfo(imageName=fxgl_default_cursor.png, hotspotX=7.0, hotspotY=6.0)
17:23:44.056 [FXGL Background Thread 3 ] DEBUG Engine               - devBBoxColorProperty: ObjectProperty [value: 0xff0000ff]
17:23:44.056 [FXGL Background Thread 3 ] DEBUG Engine               - devEnableDebugCameraProperty: BooleanProperty [value: false]
17:23:44.057 [FXGL Background Thread 3 ] DEBUG Engine               - devSensorColorProperty: ObjectProperty [value: 0xffff00ff]
17:23:44.057 [FXGL Background Thread 3 ] DEBUG Engine               - devShowBBoxProperty: BooleanProperty [value: false]
17:23:44.057 [FXGL Background Thread 3 ] DEBUG Engine               - devShowPositionProperty: BooleanProperty [value: false]
17:23:44.057 [FXGL Background Thread 3 ] DEBUG Engine               - enabledMenuItems: []
17:23:44.057 [FXGL Background Thread 3 ] DEBUG Engine               - engineServices: [class com.almasb.fxgl.app.services.FXGLAssetLoaderService, class com.almasb.fxgl.app.FXGLApplication$GameApplicationService, class com.almasb.fxgl.app.services.FXGLDialogService, class com.almasb.fxgl.app.services.IOTaskExecutorService, class com.almasb.fxgl.io.FileSystemService, class com.almasb.fxgl.localization.LocalizationService, class com.almasb.fxgl.app.services.SystemBundleService, class com.almasb.fxgl.profile.SaveLoadService, class com.almasb.fxgl.ui.FXGLUIFactoryServiceProvider, class com.almasb.fxgl.ui.FXGLDialogFactoryServiceProvider, class com.almasb.fxgl.audio.AudioPlayer, class com.almasb.fxgl.notification.impl.NotificationServiceProvider, class com.almasb.fxgl.achievement.AchievementService, class com.almasb.fxgl.cutscene.CutsceneService, class com.almasb.fxgl.minigames.MiniGameService, class com.almasb.fxgl.net.NetService, class com.almasb.fxgl.app.services.UpdaterService, class com.almasb.fxgl.dev.DevService]
17:23:44.057 [FXGL Background Thread 3 ] DEBUG Engine               - fontGame: Abel-Regular.ttf
17:23:44.057 [FXGL Background Thread 3 ] DEBUG Engine               - fontMono: TerminalLandMono-Regular.otf
17:23:44.057 [FXGL Background Thread 3 ] DEBUG Engine               - fontText: Courier-Prime.ttf
17:23:44.057 [FXGL Background Thread 3 ] DEBUG Engine               - fontUI: VarelaRound-Regular.ttf
17:23:44.058 [FXGL Background Thread 3 ] DEBUG Engine               - fullScreen: BooleanProperty [value: false]
17:23:44.058 [FXGL Background Thread 3 ] DEBUG Engine               - gameDifficulty: MEDIUM
17:23:44.058 [FXGL Background Thread 3 ] DEBUG Engine               - gameDifficultyProperty: ObjectProperty [value: MEDIUM]
17:23:44.058 [FXGL Background Thread 3 ] DEBUG Engine               - globalMusicVolume: 0.5
17:23:44.058 [FXGL Background Thread 3 ] DEBUG Engine               - globalMusicVolumeProperty: DoubleProperty [value: 0.5]
17:23:44.058 [FXGL Background Thread 3 ] DEBUG Engine               - globalSoundVolume: 0.5
17:23:44.058 [FXGL Background Thread 3 ] DEBUG Engine               - globalSoundVolumeProperty: DoubleProperty [value: 0.5]
17:23:44.059 [FXGL Background Thread 3 ] DEBUG Engine               - height: 800
17:23:44.059 [FXGL Background Thread 3 ] DEBUG Engine               - is3D: false
17:23:44.059 [FXGL Background Thread 3 ] DEBUG Engine               - isAndroid: false
17:23:44.059 [FXGL Background Thread 3 ] DEBUG Engine               - isBrowser: false
17:23:44.059 [FXGL Background Thread 3 ] DEBUG Engine               - isClickFeedbackEnabled: false
17:23:44.059 [FXGL Background Thread 3 ] DEBUG Engine               - isCloseConfirmation: false
17:23:44.059 [FXGL Background Thread 3 ] DEBUG Engine               - isDesktop: true
17:23:44.059 [FXGL Background Thread 3 ] DEBUG Engine               - isDeveloperMenuEnabled: false
17:23:44.060 [FXGL Background Thread 3 ] DEBUG Engine               - isEmbedded: false
17:23:44.060 [FXGL Background Thread 3 ] DEBUG Engine               - isEntityPreloadEnabled: true
17:23:44.060 [FXGL Background Thread 3 ] DEBUG Engine               - isExperimentalTiledLargeMap: false
17:23:44.060 [FXGL Background Thread 3 ] DEBUG Engine               - isFileSystemWriteAllowed: true
17:23:44.060 [FXGL Background Thread 3 ] DEBUG Engine               - isFullScreenAllowed: false
17:23:44.060 [FXGL Background Thread 3 ] DEBUG Engine               - isFullScreenFromStart: false
17:23:44.060 [FXGL Background Thread 3 ] DEBUG Engine               - isGameMenuEnabled: true
17:23:44.060 [FXGL Background Thread 3 ] DEBUG Engine               - isIOS: false
17:23:44.060 [FXGL Background Thread 3 ] DEBUG Engine               - isIntroEnabled: false
17:23:44.060 [FXGL Background Thread 3 ] DEBUG Engine               - isLinux: false
17:23:44.060 [FXGL Background Thread 3 ] DEBUG Engine               - isMac: false
17:23:44.061 [FXGL Background Thread 3 ] DEBUG Engine               - isMainMenuEnabled: false
17:23:44.061 [FXGL Background Thread 3 ] DEBUG Engine               - isManualResizeEnabled: false
17:23:44.061 [FXGL Background Thread 3 ] DEBUG Engine               - isMobile: false
17:23:44.061 [FXGL Background Thread 3 ] DEBUG Engine               - isNative: false
17:23:44.061 [FXGL Background Thread 3 ] DEBUG Engine               - isPauseMusicWhenMinimized: true
17:23:44.061 [FXGL Background Thread 3 ] DEBUG Engine               - isPreserveResizeRatio: false
17:23:44.061 [FXGL Background Thread 3 ] DEBUG Engine               - isProfilingEnabled: false
17:23:44.061 [FXGL Background Thread 3 ] DEBUG Engine               - isScaleAffectedOnResize: true
17:23:44.061 [FXGL Background Thread 3 ] DEBUG Engine               - isSingleStep: false
17:23:44.061 [FXGL Background Thread 3 ] DEBUG Engine               - isUserProfileEnabled: false
17:23:44.061 [FXGL Background Thread 3 ] DEBUG Engine               - isWindows: true
17:23:44.061 [FXGL Background Thread 3 ] DEBUG Engine               - language: ObjectProperty [value: ENGLISH]
17:23:44.061 [FXGL Background Thread 3 ] DEBUG Engine               - menuKey: ESCAPE
17:23:44.061 [FXGL Background Thread 3 ] DEBUG Engine               - mouseSensitivity: 0.2
17:23:44.061 [FXGL Background Thread 3 ] DEBUG Engine               - notificationViewClass: class com.almasb.fxgl.notification.view.XboxNotificationView
17:23:44.062 [FXGL Background Thread 3 ] DEBUG Engine               - pixelsPerMeter: 50.0
17:23:44.063 [FXGL Background Thread 3 ] DEBUG Engine               - platform: WINDOWS
17:23:44.064 [FXGL Background Thread 3 ] DEBUG Engine               - prefHeightProperty: ReadOnlyDoubleProperty [value: 800.0]
17:23:44.064 [FXGL Background Thread 3 ] DEBUG Engine               - prefWidthProperty: ReadOnlyDoubleProperty [value: 800.0]
17:23:44.064 [FXGL Background Thread 3 ] DEBUG Engine               - profileDir: profiles/
17:23:44.064 [FXGL Background Thread 3 ] DEBUG Engine               - profileName: StringProperty [value: DEFAULT]
17:23:44.064 [FXGL Background Thread 3 ] DEBUG Engine               - randomSeed: -1
17:23:44.065 [FXGL Background Thread 3 ] DEBUG Engine               - runtimeInfo: RuntimeInfo(platform=WINDOWS, version=17.1, build=24.03.2022 17.34)
17:23:44.065 [FXGL Background Thread 3 ] DEBUG Engine               - saveFileExt: sav
17:23:44.065 [FXGL Background Thread 3 ] DEBUG Engine               - scaledHeightProp$fxgl: DoubleProperty [bound, value: 800.0]
17:23:44.065 [FXGL Background Thread 3 ] DEBUG Engine               - scaledWidthProp$fxgl: DoubleProperty [bound, value: 800.0]
17:23:44.065 [FXGL Background Thread 3 ] DEBUG Engine               - sceneFactory: com.almasb.fxgl.app.scene.SceneFactory@67b83e37
17:23:44.065 [FXGL Background Thread 3 ] DEBUG Engine               - secondsIn24h: 60
17:23:44.065 [FXGL Background Thread 3 ] DEBUG Engine               - soundMenuBack: menu/back.wav
17:23:44.065 [FXGL Background Thread 3 ] DEBUG Engine               - soundMenuPress: menu/press.wav
17:23:44.065 [FXGL Background Thread 3 ] DEBUG Engine               - soundMenuSelect: menu/select.wav
17:23:44.065 [FXGL Background Thread 3 ] DEBUG Engine               - soundNotification: core/notification.wav
17:23:44.065 [FXGL Background Thread 3 ] DEBUG Engine               - stageStyle: DECORATED
17:23:44.065 [FXGL Background Thread 3 ] DEBUG Engine               - supportedLanguages: [ENGLISH, FRENCH, GERMAN, HUNGARIAN, RUSSIAN]
17:23:44.065 [FXGL Background Thread 3 ] DEBUG Engine               - ticksPerSecond: -1
17:23:44.065 [FXGL Background Thread 3 ] DEBUG Engine               - title: PongGame
17:23:44.065 [FXGL Background Thread 3 ] DEBUG Engine               - urlGithub: https://github.com/AlmasB/FXGL
17:23:44.065 [FXGL Background Thread 3 ] DEBUG Engine               - urlLeaderboard: http://fxgl-top.herokuapp.com/
17:23:44.065 [FXGL Background Thread 3 ] DEBUG Engine               - urlPOM: https://raw.githubusercontent.com/AlmasB/FXGL/release/README.md
17:23:44.065 [FXGL Background Thread 3 ] DEBUG Engine               - userAppClass: class pong.PongGame
17:23:44.065 [FXGL Background Thread 3 ] DEBUG Engine               - version: 1.0
17:23:44.065 [FXGL Background Thread 3 ] DEBUG Engine               - versionCheckDays: 7
17:23:44.065 [FXGL Background Thread 3 ] DEBUG Engine               - width: 800
17:23:44.066 [FXGL Background Thread 3 ] DEBUG Engine               - Logging services
17:23:44.066 [FXGL Background Thread 3 ] DEBUG Engine               - class com.almasb.fxgl.app.services.FXGLAssetLoaderService
17:23:44.066 [FXGL Background Thread 3 ] DEBUG Engine               - class com.almasb.fxgl.app.FXGLApplication$GameApplicationService
17:23:44.066 [FXGL Background Thread 3 ] DEBUG Engine               - class com.almasb.fxgl.app.services.FXGLDialogService
17:23:44.066 [FXGL Background Thread 3 ] DEBUG Engine               - class com.almasb.fxgl.app.services.IOTaskExecutorService
17:23:44.066 [FXGL Background Thread 3 ] DEBUG Engine               - class com.almasb.fxgl.io.FileSystemService
17:23:44.066 [FXGL Background Thread 3 ] DEBUG Engine               - class com.almasb.fxgl.localization.LocalizationService
17:23:44.066 [FXGL Background Thread 3 ] DEBUG Engine               - class com.almasb.fxgl.app.services.SystemBundleService
17:23:44.066 [FXGL Background Thread 3 ] DEBUG Engine               - class com.almasb.fxgl.profile.SaveLoadService
17:23:44.066 [FXGL Background Thread 3 ] DEBUG Engine               - class com.almasb.fxgl.ui.FXGLUIFactoryServiceProvider
17:23:44.066 [FXGL Background Thread 3 ] DEBUG Engine               - class com.almasb.fxgl.ui.FXGLDialogFactoryServiceProvider
17:23:44.066 [FXGL Background Thread 3 ] DEBUG Engine               - class com.almasb.fxgl.audio.AudioPlayer
17:23:44.066 [FXGL Background Thread 3 ] DEBUG Engine               - class com.almasb.fxgl.notification.impl.NotificationServiceProvider
17:23:44.066 [FXGL Background Thread 3 ] DEBUG Engine               - class com.almasb.fxgl.achievement.AchievementService
17:23:44.066 [FXGL Background Thread 3 ] DEBUG Engine               - class com.almasb.fxgl.cutscene.CutsceneService
17:23:44.066 [FXGL Background Thread 3 ] DEBUG Engine               - class com.almasb.fxgl.minigames.MiniGameService
17:23:44.066 [FXGL Background Thread 3 ] DEBUG Engine               - class com.almasb.fxgl.net.NetService
17:23:44.067 [FXGL Background Thread 3 ] DEBUG Engine               - class com.almasb.fxgl.app.services.UpdaterService
17:23:44.067 [FXGL Background Thread 3 ] DEBUG Engine               - class com.almasb.fxgl.dev.DevService
17:23:53.476 [JavaFX Application Thread] DEBUG FXGLApplication      - Exiting FXGL
17:23:53.476 [JavaFX Application Thread] DEBUG LoopRunner           - Stopping loop
17:23:53.476 [JavaFX Application Thread] DEBUG SystemBundleService  - Saving FXGL system data
17:23:53.478 [JavaFX Application Thread] DEBUG FileSystemAccess     - Writing to: C:\Users\SSher\IdeaProjects\PongGame\system\fxgl.bundle
17:23:53.481 [JavaFX Application Thread] DEBUG Async                - Shutting down background threads
17:23:53.481 [JavaFX Application Thread] DEBUG PrimaryStageWindow   - Closing main window
17:23:53.507 [JavaFX Application Thread] DEBUG Logger               - Closing Logger
